2020-05-21 22:41:32,226 Instabot Started
2020-05-21 22:41:36,190 Logged-in successfully as 'vladponcea'!
2021-07-14 13:43:45,946 Instabot Started
2021-07-14 13:43:48,046 Logged-in successfully as 'tucodigofavorit0'!
2021-07-14 13:43:55,301 Media 2617606447090792746 liked succesfully
2021-07-14 13:43:55,302 Waiting 564 seconds to not get banned
2021-07-14 13:44:04,997 Bot stopped. Worked: 0:00:19.050744
2021-07-14 13:44:04,997 Total requests: 7
2021-07-14 13:44:35,566 Instabot Started
2021-07-14 13:44:37,481 Logged-in successfully as 'tucodigofavorit0'!
2021-07-14 13:44:43,980 Media 2617606853887852321 liked succesfully
2021-07-14 13:44:43,981 Waiting 30 seconds to not get banned
2021-07-14 13:45:14,712 Media 2617606738468963782 liked succesfully
2021-07-14 13:45:14,713 Waiting 30 seconds to not get banned
2021-07-14 13:45:45,317 Media 2617606854708351613 liked succesfully
2021-07-14 13:45:45,317 Waiting 30 seconds to not get banned
2021-07-14 13:45:45,858 Bot stopped. Worked: 0:01:59.911561
2021-07-14 13:45:45,858 Total requests: 17
2021-07-14 13:45:46,756 Instabot Started
2021-07-14 13:45:48,884 Logged-in successfully as 'tucodigofavorit0'!
2021-07-14 13:45:54,833 Media 2617607354471404451 liked succesfully
2021-07-14 13:45:54,834 Waiting 30 seconds to not get banned
2021-07-14 13:46:25,622 Media 2617607231013330919 liked succesfully
2021-07-14 13:46:25,622 Waiting 30 seconds to not get banned
2021-07-14 13:46:56,189 Media 2617606878231034539 liked succesfully
2021-07-14 13:46:56,189 Waiting 30 seconds to not get banned
2021-07-14 13:47:26,975 Media 2617607099482755596 liked succesfully
2021-07-14 13:47:26,976 Waiting 30 seconds to not get banned
2021-07-14 13:47:57,543 Media 2617606873574934600 liked succesfully
2021-07-14 13:47:57,544 Waiting 30 seconds to not get banned
2021-07-14 13:48:28,145 Media 2617606873348396786 liked succesfully
2021-07-14 13:48:28,145 Waiting 30 seconds to not get banned
2021-07-14 13:48:58,737 Media 2617606868683906298 liked succesfully
2021-07-14 13:48:58,737 Waiting 30 seconds to not get banned
2021-07-14 13:49:29,353 Media 2617606719727738360 liked succesfully
2021-07-14 13:49:29,355 Waiting 30 seconds to not get banned
2021-07-14 13:50:00,072 Media 2617606475034177603 liked succesfully
2021-07-14 13:50:00,072 Waiting 30 seconds to not get banned
2021-07-14 13:50:30,855 Media 2617606399099076924 liked succesfully
2021-07-14 13:50:30,855 Waiting 30 seconds to not get banned
2021-07-14 13:51:01,711 Media 2617605988620826210 liked succesfully
2021-07-14 13:51:01,711 Waiting 30 seconds to not get banned
2021-07-14 13:51:32,261 Media 2617605462957341166 liked succesfully
2021-07-14 13:51:32,262 Waiting 30 seconds to not get banned
2021-07-14 13:52:02,880 Media 2617604913509618994 liked succesfully
2021-07-14 13:52:02,882 Waiting 30 seconds to not get banned
2021-07-14 13:52:33,615 Media 2617604453268540401 liked succesfully
2021-07-14 13:52:33,616 Waiting 30 seconds to not get banned
2021-07-14 13:53:04,258 Media 2617604148864282282 liked succesfully
2021-07-14 13:53:04,260 Waiting 30 seconds to not get banned
2021-07-14 13:53:34,841 Media 2617603185615793168 liked succesfully
2021-07-14 13:53:34,842 Waiting 30 seconds to not get banned
2021-07-14 13:54:05,418 Media 2617604056917562082 liked succesfully
2021-07-14 13:54:05,418 Waiting 30 seconds to not get banned
2021-07-14 13:54:36,050 Media 2617603632896336735 liked succesfully
2021-07-14 13:54:36,052 Waiting 30 seconds to not get banned
2021-07-14 13:55:06,774 Media 2617603760615487362 liked succesfully
2021-07-14 13:55:06,775 Waiting 30 seconds to not get banned
2021-07-14 13:55:37,452 Media 2617603653568149971 liked succesfully
2021-07-14 13:55:37,453 Waiting 30 seconds to not get banned
2021-07-14 13:56:07,986 Media 2617603504357759500 liked succesfully
2021-07-14 13:56:07,986 Waiting 30 seconds to not get banned
2021-07-14 13:56:38,534 Media 2617602916939119205 liked succesfully
2021-07-14 13:56:38,535 Waiting 30 seconds to not get banned
2021-07-14 13:57:09,132 Media 2617602877512998746 liked succesfully
2021-07-14 13:57:09,133 Waiting 30 seconds to not get banned
2021-07-14 13:57:39,773 Media 2617602653017222821 liked succesfully
2021-07-14 13:57:39,773 Waiting 30 seconds to not get banned
2021-07-14 13:58:10,396 Media 2617602552091640234 liked succesfully
2021-07-14 13:58:10,396 Waiting 30 seconds to not get banned
2021-07-14 13:58:40,986 Media 2617602507514176998 liked succesfully
2021-07-14 13:58:40,987 Waiting 30 seconds to not get banned
2021-07-14 13:59:11,533 Media 2617602094777247256 liked succesfully
2021-07-14 13:59:11,533 Waiting 30 seconds to not get banned
2021-07-14 13:59:42,153 Media 2617601251118805149 liked succesfully
2021-07-14 13:59:42,153 Waiting 30 seconds to not get banned
2021-07-14 14:00:12,823 Media 2617599975539670018 liked succesfully
2021-07-14 14:00:12,824 Waiting 30 seconds to not get banned
2021-07-14 14:00:43,467 Media 2617601347428419012 liked succesfully
2021-07-14 14:00:43,468 Waiting 30 seconds to not get banned
2021-07-14 14:01:14,011 Media 2617601195426763305 liked succesfully
2021-07-14 14:01:14,011 Waiting 30 seconds to not get banned
2021-07-14 14:01:44,632 Media 2617601187339792887 liked succesfully
2021-07-14 14:01:44,633 Waiting 30 seconds to not get banned
2021-07-14 14:02:14,819 Request returns 400 error!
2021-07-14 14:02:14,819 Instagram's error message: Media not found or unavailable
2021-07-14 14:02:14,819 Instagram's error message: {}
2021-07-14 14:02:14,819 Media 2617600994174989459 liked succesfully
2021-07-14 14:02:14,819 Waiting 30 seconds to not get banned
2021-07-14 14:02:45,363 Media 2617601009948112831 liked succesfully
2021-07-14 14:02:45,363 Waiting 30 seconds to not get banned
2021-07-14 14:03:15,947 Media 2617600821328365166 liked succesfully
2021-07-14 14:03:15,948 Waiting 30 seconds to not get banned
2021-07-14 14:03:46,527 Media 2617600272237620282 liked succesfully
2021-07-14 14:03:46,527 Waiting 30 seconds to not get banned
2021-07-14 14:04:17,078 Media 2617599957773744340 liked succesfully
2021-07-14 14:04:17,078 Waiting 30 seconds to not get banned
2021-07-14 14:04:49,093 Media 2617599904898306013 liked succesfully
2021-07-14 14:04:49,095 Waiting 30 seconds to not get banned
2021-07-14 14:05:19,922 Media 2617599896879756468 liked succesfully
2021-07-14 14:05:19,923 Waiting 30 seconds to not get banned
2021-07-14 14:05:50,485 Media 2617599719596399508 liked succesfully
2021-07-14 14:05:50,485 Waiting 30 seconds to not get banned
2021-07-14 14:06:21,103 Media 2617599716204799003 liked succesfully
2021-07-14 14:06:21,104 Waiting 30 seconds to not get banned
2021-07-14 14:06:57,779 Liked media 2617599097880640636.
2021-07-14 14:06:57,780 Media 2617599097880640636 liked succesfully
2021-07-14 14:06:57,781 Waiting 30 seconds to not get banned
2021-07-14 14:07:28,362 Media 2617599736162788106 liked succesfully
2021-07-14 14:07:28,362 Waiting 30 seconds to not get banned
2021-07-14 14:07:58,964 Media 2617599604301377064 liked succesfully
2021-07-14 14:07:58,965 Waiting 30 seconds to not get banned
2021-07-14 14:08:34,272 Liked media 2617599572919549749.
2021-07-14 14:08:34,273 Media 2617599572919549749 liked succesfully
2021-07-14 14:08:34,273 Waiting 30 seconds to not get banned
2021-07-14 14:09:04,983 Media 2617599444003982320 liked succesfully
2021-07-14 14:09:04,984 Waiting 30 seconds to not get banned
2021-07-14 14:09:35,620 Media 2617598275092869527 liked succesfully
2021-07-14 14:09:35,620 Waiting 30 seconds to not get banned
2021-07-14 14:10:06,542 Media 2617599536009629613 liked succesfully
2021-07-14 14:10:06,543 Waiting 30 seconds to not get banned
2021-07-14 14:10:39,556 Liked media 2617599439791734513.
2021-07-14 14:10:39,558 Media 2617599439791734513 liked succesfully
2021-07-14 14:10:39,558 Waiting 30 seconds to not get banned
2021-07-14 14:11:10,238 Media 2617599197184873202 liked succesfully
2021-07-14 14:11:10,240 Waiting 30 seconds to not get banned
2021-07-14 14:11:46,198 Media 2617620049687424929 liked succesfully
2021-07-14 14:11:46,199 Waiting 30 seconds to not get banned
2021-07-14 14:12:16,746 Media 2617619780230819208 liked succesfully
2021-07-14 14:12:16,748 Waiting 30 seconds to not get banned
2021-07-14 14:12:47,438 Media 2617619225305685937 liked succesfully
2021-07-14 14:12:47,439 Waiting 30 seconds to not get banned
2021-07-14 14:13:18,196 Media 2617619039463942799 liked succesfully
2021-07-14 14:13:18,197 Waiting 30 seconds to not get banned
2021-07-14 14:13:48,804 Media 2617618367242936092 liked succesfully
2021-07-14 14:13:48,806 Waiting 30 seconds to not get banned
2021-07-14 14:14:19,393 Media 2617617445033886369 liked succesfully
2021-07-14 14:14:19,394 Waiting 30 seconds to not get banned
2021-07-14 14:14:50,065 Media 2617616589361333008 liked succesfully
2021-07-14 14:14:50,067 Waiting 30 seconds to not get banned
2021-07-14 14:15:20,694 Media 2617616056250602385 liked succesfully
2021-07-14 14:15:20,694 Waiting 30 seconds to not get banned
2021-07-14 14:15:51,270 Media 2617616013476880659 liked succesfully
2021-07-14 14:15:51,270 Waiting 30 seconds to not get banned
2021-07-14 14:16:21,842 Media 2617615354666581501 liked succesfully
2021-07-14 14:16:21,843 Waiting 30 seconds to not get banned
2021-07-14 17:19:30,236 HTTPSConnectionPool(host='i.instagram.com', port=443): Read timed out. (read timeout=None)
2021-07-14 17:19:30,237 Media 2617614848314608328 liked succesfully
2021-07-14 17:19:30,237 Waiting 30 seconds to not get banned
2021-07-14 17:20:00,890 Media 2617614390885553438 liked succesfully
2021-07-14 17:20:00,890 Waiting 30 seconds to not get banned
2021-07-14 17:20:31,559 Media 2617613637417833627 liked succesfully
2021-07-14 17:20:31,560 Waiting 30 seconds to not get banned
2021-07-14 17:21:02,480 Media 2617613023364030691 liked succesfully
2021-07-14 17:21:02,482 Waiting 30 seconds to not get banned
2021-07-14 17:21:33,340 Media 2617612966355578231 liked succesfully
2021-07-14 17:21:33,340 Waiting 30 seconds to not get banned
2021-07-14 17:22:04,016 Media 2617612174126571202 liked succesfully
2021-07-14 17:22:04,016 Waiting 30 seconds to not get banned
2021-07-14 17:22:34,561 Media 2617612141405310861 liked succesfully
2021-07-14 17:22:34,563 Waiting 30 seconds to not get banned
2021-07-14 17:23:05,097 Media 2617611498115399703 liked succesfully
2021-07-14 17:23:05,097 Waiting 30 seconds to not get banned
2021-07-14 21:00:41,556 HTTPSConnectionPool(host='i.instagram.com', port=443): Read timed out. (read timeout=None)
2021-07-14 21:00:41,557 Media 2617611401956603453 liked succesfully
2021-07-14 21:00:41,557 Waiting 30 seconds to not get banned
2021-07-14 21:01:12,578 Media 2617610009513867904 liked succesfully
2021-07-14 21:01:12,578 Waiting 30 seconds to not get banned
2021-07-14 21:01:43,190 Media 2617609574205827018 liked succesfully
2021-07-14 21:01:43,191 Waiting 30 seconds to not get banned
2021-07-14 21:02:20,173 Liked media 2617609072363252705.
2021-07-14 21:02:20,175 Media 2617609072363252705 liked succesfully
2021-07-14 21:02:20,175 Waiting 30 seconds to not get banned
2021-07-14 21:02:50,754 Media 2617608885254811863 liked succesfully
2021-07-14 21:02:50,754 Waiting 30 seconds to not get banned
2021-07-14 21:03:21,435 Media 2617608786018256757 liked succesfully
2021-07-14 21:03:21,436 Waiting 30 seconds to not get banned
2021-07-14 21:03:52,316 Media 2617607017911549567 liked succesfully
2021-07-14 21:03:52,317 Waiting 30 seconds to not get banned
2021-07-14 21:04:22,901 Media 2617605035457096296 liked succesfully
2021-07-14 21:04:22,902 Waiting 30 seconds to not get banned
2021-07-14 22:20:15,076 Bot stopped. Worked: 8:36:29.130398
2021-07-14 22:20:15,078 Total likes: 4/1000
2021-07-14 22:20:15,078 Total requests: 258
2021-07-15 22:54:03,691 Instabot Started
2021-07-15 22:54:05,704 Logged-in successfully as 'tucodigofavorit0'!
2021-07-15 22:54:11,401 Media 2618607731584702390 liked succesfully
2021-07-15 22:54:11,402 Waiting 30 seconds to not get banned
2021-07-15 22:54:42,032 Media 2618606918693565467 liked succesfully
2021-07-15 22:54:42,033 Waiting 30 seconds to not get banned
2021-07-15 22:55:12,699 Media 2618606872951141810 liked succesfully
2021-07-15 22:55:12,700 Waiting 30 seconds to not get banned
2021-07-15 22:55:43,494 Media 2618605650762187654 liked succesfully
2021-07-15 22:55:43,494 Waiting 30 seconds to not get banned
2021-07-15 22:56:14,209 Media 2618605529187900516 liked succesfully
2021-07-15 22:56:14,210 Waiting 30 seconds to not get banned
2021-07-15 22:56:44,954 Media 2618604967420208507 liked succesfully
2021-07-15 22:56:44,954 Waiting 30 seconds to not get banned
2021-07-15 22:57:19,834 Liked media 2618604593018241638.
2021-07-15 22:57:19,835 Media 2618604593018241638 liked succesfully
2021-07-15 22:57:19,835 Waiting 30 seconds to not get banned
2021-07-15 22:57:50,871 Media 2618604573616849706 liked succesfully
2021-07-15 22:57:50,871 Waiting 30 seconds to not get banned
2021-07-15 22:58:21,520 Media 2618604230590050611 liked succesfully
2021-07-15 22:58:21,522 Waiting 30 seconds to not get banned
2021-07-15 22:58:52,153 Media 2618604209658896804 liked succesfully
2021-07-15 22:58:52,153 Waiting 30 seconds to not get banned
2021-07-15 22:59:22,836 Media 2618604149689683085 liked succesfully
2021-07-15 22:59:22,836 Waiting 30 seconds to not get banned
2021-07-15 22:59:53,573 Media 2618603253901920892 liked succesfully
2021-07-15 22:59:53,573 Waiting 30 seconds to not get banned
2021-07-15 23:00:24,322 Media 2618603668871992426 liked succesfully
2021-07-15 23:00:24,323 Waiting 30 seconds to not get banned
2021-07-15 23:00:54,885 Media 2618603540938097069 liked succesfully
2021-07-15 23:00:54,885 Waiting 30 seconds to not get banned
2021-07-15 23:01:25,577 Media 2618601927907181690 liked succesfully
2021-07-15 23:01:25,578 Waiting 30 seconds to not get banned
2021-07-15 23:01:56,258 Media 2618602345266532173 liked succesfully
2021-07-15 23:01:56,258 Waiting 30 seconds to not get banned
2021-07-15 23:02:26,904 Media 2618602310284581885 liked succesfully
2021-07-15 23:02:26,904 Waiting 30 seconds to not get banned
2021-07-15 23:02:57,853 Media 2618601359749054097 liked succesfully
2021-07-15 23:02:57,853 Waiting 30 seconds to not get banned
2021-07-15 23:03:28,539 Media 2618601345762441731 liked succesfully
2021-07-15 23:03:28,541 Waiting 30 seconds to not get banned
2021-07-15 23:03:59,157 Media 2618600620502994875 liked succesfully
2021-07-15 23:03:59,159 Waiting 30 seconds to not get banned
2021-07-15 23:04:29,764 Media 2618600200988571509 liked succesfully
2021-07-15 23:04:29,764 Waiting 30 seconds to not get banned
2021-07-15 23:05:00,529 Media 2618599695213085012 liked succesfully
2021-07-15 23:05:00,529 Waiting 30 seconds to not get banned
2021-07-15 23:05:31,171 Media 2618599592629310313 liked succesfully
2021-07-15 23:05:31,171 Waiting 30 seconds to not get banned
2021-07-15 23:06:01,863 Media 2618599308985560818 liked succesfully
2021-07-15 23:06:01,864 Waiting 30 seconds to not get banned
2021-07-15 23:06:32,603 Media 2618598482025806624 liked succesfully
2021-07-15 23:06:32,604 Waiting 30 seconds to not get banned
2021-07-15 23:07:03,236 Media 2618598798254125128 liked succesfully
2021-07-15 23:07:03,237 Waiting 30 seconds to not get banned
2021-07-15 23:07:33,927 Media 2618597341286308695 liked succesfully
2021-07-15 23:07:33,928 Waiting 30 seconds to not get banned
2021-07-15 23:08:04,553 Media 2618595711411714005 liked succesfully
2021-07-15 23:08:04,554 Waiting 30 seconds to not get banned
2021-07-15 23:08:35,144 Media 2618596927309138652 liked succesfully
2021-07-15 23:08:35,144 Waiting 30 seconds to not get banned
2021-07-15 23:09:05,791 Media 2618596907285545143 liked succesfully
2021-07-15 23:09:05,792 Waiting 30 seconds to not get banned
2021-07-15 23:09:36,389 Media 2618596216374609849 liked succesfully
2021-07-15 23:09:36,390 Waiting 30 seconds to not get banned
2021-07-15 23:10:07,859 Media 2618596299068888979 liked succesfully
2021-07-15 23:10:07,860 Waiting 30 seconds to not get banned
2021-07-15 23:10:38,539 Media 2618595710088772746 liked succesfully
2021-07-15 23:10:38,540 Waiting 30 seconds to not get banned
2021-07-15 23:11:09,209 Media 2618595680342616552 liked succesfully
2021-07-15 23:11:09,210 Waiting 30 seconds to not get banned
2021-07-15 23:11:39,795 Media 2618595282848410315 liked succesfully
2021-07-15 23:11:39,797 Waiting 30 seconds to not get banned
2021-07-15 23:12:10,407 Media 2618594569329882179 liked succesfully
2021-07-15 23:12:10,408 Waiting 30 seconds to not get banned
2021-07-15 23:12:41,097 Media 2618593517465193843 liked succesfully
2021-07-15 23:12:41,098 Waiting 30 seconds to not get banned
2021-07-15 23:13:11,692 Media 2618593241757884590 liked succesfully
2021-07-15 23:13:11,693 Waiting 30 seconds to not get banned
2021-07-15 23:13:42,941 Media 2618593119862580174 liked succesfully
2021-07-15 23:13:42,942 Waiting 30 seconds to not get banned
2021-07-15 23:14:13,589 Media 2618593099503116693 liked succesfully
2021-07-15 23:14:13,590 Waiting 30 seconds to not get banned
2021-07-15 23:14:44,291 Media 2618592526117029302 liked succesfully
2021-07-15 23:14:44,293 Waiting 30 seconds to not get banned
2021-07-15 23:15:15,300 Media 2618592331635604508 liked succesfully
2021-07-15 23:15:15,300 Waiting 30 seconds to not get banned
2021-07-15 23:15:45,947 Media 2618592337834834378 liked succesfully
2021-07-15 23:15:45,948 Waiting 30 seconds to not get banned
2021-07-15 23:16:16,646 Media 2618592221627024480 liked succesfully
2021-07-15 23:16:16,647 Waiting 30 seconds to not get banned
2021-07-15 23:16:52,605 Liked media 2618592063551303918.
2021-07-15 23:16:52,607 Media 2618592063551303918 liked succesfully
2021-07-15 23:16:52,607 Waiting 30 seconds to not get banned
2021-07-15 23:17:23,343 Media 2618590755891825110 liked succesfully
2021-07-15 23:17:23,343 Waiting 30 seconds to not get banned
2021-07-15 23:17:53,939 Media 2618591284954549008 liked succesfully
2021-07-15 23:17:53,940 Waiting 30 seconds to not get banned
2021-07-15 23:18:29,556 Liked media 2618591209524187348.
2021-07-15 23:18:29,557 Media 2618591209524187348 liked succesfully
2021-07-15 23:18:29,558 Waiting 30 seconds to not get banned
2021-07-15 23:19:00,234 Media 2618590381265618548 liked succesfully
2021-07-15 23:19:00,234 Waiting 30 seconds to not get banned
2021-07-15 23:19:30,912 Media 2618590250002310837 liked succesfully
2021-07-15 23:19:30,914 Waiting 30 seconds to not get banned
2021-07-15 23:20:01,886 Request returns 500 error!
2021-07-15 23:20:01,887 Error checking for `feedback_required`, response text is not JSON
2021-07-15 23:20:02,512 Request returns 500 error!
2021-07-15 23:20:02,512 Error checking for `feedback_required`, response text is not JSON
2021-07-15 23:20:03,013 Bot stopped. Worked: 0:25:52.268173
2021-07-15 23:20:03,013 Total likes: 3/1000
2021-07-15 23:20:03,013 Total requests: 422
2021-07-15 23:20:03,015 Bot stopped. Worked: 0:25:52.270031
2021-07-15 23:20:03,015 Total likes: 3/1000
2021-07-15 23:20:03,015 Total requests: 422
2021-07-15 23:45:10,816 Instabot Started
2021-07-15 23:45:12,917 Logged-in successfully as 'tucodigofavorit0'!
2021-07-15 23:45:19,098 Media 2618633709769813042 liked succesfully
2021-07-15 23:45:19,099 Waiting 30 seconds to not get banned
2021-07-15 23:45:49,657 Media 2618633075968639911 liked succesfully
2021-07-15 23:45:49,658 Waiting 30 seconds to not get banned
2021-07-15 23:46:20,226 Media 2618632986898324265 liked succesfully
2021-07-15 23:46:20,227 Waiting 30 seconds to not get banned
2021-07-15 23:46:56,250 Liked media 2618632797422519908.
2021-07-15 23:46:56,251 Media 2618632797422519908 liked succesfully
2021-07-15 23:46:56,252 Waiting 30 seconds to not get banned
2021-07-15 23:47:26,795 Media 2618632686105207947 liked succesfully
2021-07-15 23:47:26,796 Waiting 30 seconds to not get banned
2021-07-15 23:47:57,349 Media 2618632183831649355 liked succesfully
2021-07-15 23:47:57,350 Waiting 30 seconds to not get banned
2021-07-15 23:48:27,906 Media 2618632088335717540 liked succesfully
2021-07-15 23:48:27,907 Waiting 30 seconds to not get banned
2021-07-15 23:48:58,470 Media 2618631676463512632 liked succesfully
2021-07-15 23:48:58,470 Waiting 30 seconds to not get banned
2021-07-15 23:49:29,133 Media 2618631623523050983 liked succesfully
2021-07-15 23:49:29,134 Waiting 30 seconds to not get banned
2021-07-15 23:49:59,769 Media 2618631576831922957 liked succesfully
2021-07-15 23:49:59,769 Waiting 30 seconds to not get banned
2021-07-15 23:50:30,329 Media 2618631146764825416 liked succesfully
2021-07-15 23:50:30,329 Waiting 30 seconds to not get banned
2021-07-15 23:51:01,031 Media 2618630882230039640 liked succesfully
2021-07-15 23:51:01,032 Waiting 30 seconds to not get banned
2021-07-15 23:51:31,575 Media 2618630808703919656 liked succesfully
2021-07-15 23:51:31,575 Waiting 30 seconds to not get banned
2021-07-15 23:52:04,679 Liked media 2618630736461058591.
2021-07-15 23:52:04,679 Media 2618630736461058591 liked succesfully
2021-07-15 23:52:04,679 Waiting 30 seconds to not get banned
2021-07-15 23:52:35,353 Media 2618630327859248421 liked succesfully
2021-07-15 23:52:35,355 Waiting 30 seconds to not get banned
2021-07-15 23:53:05,937 Media 2618630250231594008 liked succesfully
2021-07-15 23:53:05,938 Waiting 30 seconds to not get banned
2021-07-15 23:53:36,600 Media 2618629195698238999 liked succesfully
2021-07-15 23:53:36,600 Waiting 30 seconds to not get banned
2021-07-15 23:54:07,312 Media 2618628235044115101 liked succesfully
2021-07-15 23:54:07,312 Waiting 30 seconds to not get banned
2021-07-15 23:54:38,035 Media 2618627810571805216 liked succesfully
2021-07-15 23:54:38,036 Waiting 30 seconds to not get banned
2021-07-15 23:55:13,010 Liked media 2618627256824752408.
2021-07-15 23:55:13,010 Media 2618627256824752408 liked succesfully
2021-07-15 23:55:13,010 Waiting 30 seconds to not get banned
2021-07-15 23:55:43,724 Media 2618627035893287394 liked succesfully
2021-07-15 23:55:43,725 Waiting 30 seconds to not get banned
2021-07-15 23:56:14,343 Media 2618627033476852364 liked succesfully
2021-07-15 23:56:14,344 Waiting 30 seconds to not get banned
2021-07-15 23:56:44,953 Media 2618627020969404527 liked succesfully
2021-07-15 23:56:44,953 Waiting 30 seconds to not get banned
2021-07-15 23:57:15,635 Media 2618626919652998195 liked succesfully
2021-07-15 23:57:15,635 Waiting 30 seconds to not get banned
2021-07-15 23:57:46,194 Media 2618626764637116285 liked succesfully
2021-07-15 23:57:46,195 Waiting 30 seconds to not get banned
2021-07-15 23:58:16,750 Media 2618625896972687576 liked succesfully
2021-07-15 23:58:16,751 Waiting 30 seconds to not get banned
2021-07-15 23:58:50,255 Liked media 2618624034885576892.
2021-07-15 23:58:50,255 Media 2618624034885576892 liked succesfully
2021-07-15 23:58:50,255 Waiting 30 seconds to not get banned
2021-07-15 23:59:20,910 Media 2618623798752919034 liked succesfully
2021-07-15 23:59:20,911 Waiting 30 seconds to not get banned
2021-07-15 23:59:51,647 Media 2618623390085087539 liked succesfully
2021-07-15 23:59:51,647 Waiting 30 seconds to not get banned
2021-07-16 00:00:22,175 Media 2618623333169556274 liked succesfully
2021-07-16 00:00:22,176 Waiting 30 seconds to not get banned
2021-07-16 00:00:56,077 Liked media 2618623162303334886.
2021-07-16 00:00:56,078 Media 2618623162303334886 liked succesfully
2021-07-16 00:00:56,079 Waiting 30 seconds to not get banned
2021-07-16 00:01:26,915 Media 2618623045466717130 liked succesfully
2021-07-16 00:01:26,916 Waiting 30 seconds to not get banned
2021-07-16 00:01:57,563 Media 2618622199291031038 liked succesfully
2021-07-16 00:01:57,564 Waiting 30 seconds to not get banned
2021-07-16 00:02:28,550 Media 2618622061038266259 liked succesfully
2021-07-16 00:02:28,550 Waiting 30 seconds to not get banned
2021-07-16 00:02:58,707 Request returns 400 error!
2021-07-16 00:02:58,708 Instagram's error message: Media not found or unavailable
2021-07-16 00:02:58,708 Instagram's error message: {}
2021-07-16 00:02:58,708 Media 2618621104659301723 liked succesfully
2021-07-16 00:02:58,708 Waiting 30 seconds to not get banned
2021-07-16 00:03:29,381 Media 2618620673386174426 liked succesfully
2021-07-16 00:03:29,382 Waiting 30 seconds to not get banned
2021-07-16 00:04:00,028 Media 2618620310562390031 liked succesfully
2021-07-16 00:04:00,029 Waiting 30 seconds to not get banned
2021-07-16 00:04:30,798 Media 2618619908730451370 liked succesfully
2021-07-16 00:04:30,798 Waiting 30 seconds to not get banned
2021-07-16 00:05:02,810 Media 2618619653815413611 liked succesfully
2021-07-16 00:05:02,810 Waiting 30 seconds to not get banned
2021-07-16 00:05:33,485 Media 2618619163948619338 liked succesfully
2021-07-16 00:05:33,486 Waiting 30 seconds to not get banned
2021-07-16 00:06:04,024 Media 2618618874995061559 liked succesfully
2021-07-16 00:06:04,025 Waiting 30 seconds to not get banned
2021-07-16 00:06:34,961 Media 2618618371418237918 liked succesfully
2021-07-16 00:06:34,961 Waiting 30 seconds to not get banned
2021-07-16 00:07:05,530 Media 2618618367559435928 liked succesfully
2021-07-16 00:07:05,531 Waiting 30 seconds to not get banned
2021-07-16 00:07:36,138 Media 2618617410830336830 liked succesfully
2021-07-16 00:07:36,139 Waiting 30 seconds to not get banned
2021-07-16 00:08:06,803 Media 2618616983403252013 liked succesfully
2021-07-16 00:08:06,804 Waiting 30 seconds to not get banned
2021-07-16 00:08:37,781 Media 2618616914054201487 liked succesfully
2021-07-16 00:08:37,782 Waiting 30 seconds to not get banned
2021-07-16 00:09:08,310 Media 2618616567303640013 liked succesfully
2021-07-16 00:09:08,310 Waiting 30 seconds to not get banned
2021-07-16 00:09:43,765 Liked media 2618616509214395664.
2021-07-16 00:09:43,766 Media 2618616509214395664 liked succesfully
2021-07-16 00:09:43,766 Waiting 30 seconds to not get banned
2021-07-16 00:10:14,424 Media 2618616062879317162 liked succesfully
2021-07-16 00:10:14,425 Waiting 30 seconds to not get banned
2021-07-16 00:10:45,066 Media 2618615858339853828 liked succesfully
2021-07-16 00:10:45,067 Waiting 30 seconds to not get banned
2021-07-16 00:11:21,148 Media 2618646690468404943 liked succesfully
2021-07-16 00:11:21,148 Waiting 30 seconds to not get banned
2021-07-16 00:11:51,788 Media 2618645248987761346 liked succesfully
2021-07-16 00:11:51,789 Waiting 30 seconds to not get banned
2021-07-16 00:12:22,541 Media 2618644752667614203 liked succesfully
2021-07-16 00:12:22,543 Waiting 30 seconds to not get banned
2021-07-16 00:12:53,162 Media 2618643124236077939 liked succesfully
2021-07-16 00:12:53,162 Waiting 30 seconds to not get banned
2021-07-16 00:13:23,707 Media 2618641717232389590 liked succesfully
2021-07-16 00:13:23,708 Waiting 30 seconds to not get banned
2021-07-16 00:13:54,765 Media 2618641610403137366 liked succesfully
2021-07-16 00:13:54,767 Waiting 30 seconds to not get banned
2021-07-16 00:14:25,407 Media 2618639746244535772 liked succesfully
2021-07-16 00:14:25,408 Waiting 30 seconds to not get banned
2021-07-16 00:14:58,465 Media 2618639025068669691 liked succesfully
2021-07-16 00:14:58,466 Waiting 30 seconds to not get banned
2021-07-16 00:15:29,002 Media 2618633747608912931 liked succesfully
2021-07-16 00:15:29,002 Waiting 30 seconds to not get banned
2021-07-16 00:15:59,575 Media 2618632285138031377 liked succesfully
2021-07-16 00:15:59,576 Waiting 30 seconds to not get banned
2021-07-16 00:16:30,225 Media 2618629758961070114 liked succesfully
2021-07-16 00:16:30,227 Waiting 30 seconds to not get banned
2021-07-16 00:17:00,853 Media 2618624564424605715 liked succesfully
2021-07-16 00:17:00,853 Waiting 30 seconds to not get banned
2021-07-16 00:17:31,453 Media 2618619134444586346 liked succesfully
2021-07-16 00:17:31,454 Waiting 30 seconds to not get banned
2021-07-16 00:18:02,226 Media 2618617052820450192 liked succesfully
2021-07-16 00:18:02,227 Waiting 30 seconds to not get banned
2021-07-17 15:43:12,962 Instabot Started
2021-07-17 15:43:15,156 Logged-in successfully as 'tucodigofavorit0'!
2021-07-17 15:43:21,956 Media 2619840659054848547 liked succesfully
2021-07-17 15:43:21,957 Waiting 30 seconds to not get banned
2021-07-17 15:43:52,567 Media 2619840650440500040 liked succesfully
2021-07-17 15:43:52,567 Waiting 30 seconds to not get banned
2021-07-17 15:44:27,217 Liked media 2619840495870724490.
2021-07-17 15:44:27,218 Media 2619840495870724490 liked succesfully
2021-07-17 15:44:27,218 Waiting 30 seconds to not get banned
2021-07-17 15:44:57,847 Media 2619840431773354169 liked succesfully
2021-07-17 15:44:57,847 Waiting 30 seconds to not get banned
2021-07-17 15:45:28,590 Media 2619840064612840131 liked succesfully
2021-07-17 15:45:28,590 Waiting 30 seconds to not get banned
2021-07-17 15:45:59,231 Media 2619839934532667798 liked succesfully
2021-07-17 15:45:59,231 Waiting 30 seconds to not get banned
2021-07-17 15:46:29,914 Media 2619839925587893445 liked succesfully
2021-07-17 15:46:29,915 Waiting 30 seconds to not get banned
2021-07-17 15:47:00,770 Media 2619839744133063298 liked succesfully
2021-07-17 15:47:00,770 Waiting 30 seconds to not get banned
2021-07-17 15:47:31,353 Media 2619839499231246618 liked succesfully
2021-07-17 15:47:31,353 Waiting 30 seconds to not get banned
2021-07-17 15:48:02,002 Media 2619839459368305372 liked succesfully
2021-07-17 15:48:02,003 Waiting 30 seconds to not get banned
2021-07-17 15:48:32,805 Media 2619838665375714329 liked succesfully
2021-07-17 15:48:32,806 Waiting 30 seconds to not get banned
2021-07-17 15:49:08,369 Liked media 2619838570617981672.
2021-07-17 15:49:08,369 Media 2619838570617981672 liked succesfully
2021-07-17 15:49:08,369 Waiting 30 seconds to not get banned
2021-07-17 15:49:39,016 Media 2619838487235167333 liked succesfully
2021-07-17 15:49:39,016 Waiting 30 seconds to not get banned
2021-07-17 15:50:09,635 Media 2619837811238862310 liked succesfully
2021-07-17 15:50:09,636 Waiting 30 seconds to not get banned
2021-07-17 15:50:40,233 Media 2619837667451142247 liked succesfully
2021-07-17 15:50:40,233 Waiting 30 seconds to not get banned
2021-07-17 15:51:10,963 Media 2619837182831932565 liked succesfully
2021-07-17 15:51:10,964 Waiting 30 seconds to not get banned
2021-07-17 15:51:45,903 Liked media 2619837083328569706.
2021-07-17 15:51:45,903 Media 2619837083328569706 liked succesfully
2021-07-17 15:51:45,903 Waiting 30 seconds to not get banned
2021-07-17 15:52:16,582 Media 2619836965768336904 liked succesfully
2021-07-17 15:52:16,583 Waiting 30 seconds to not get banned
2021-07-17 15:52:47,186 Media 2619836386081809616 liked succesfully
2021-07-17 15:52:47,187 Waiting 30 seconds to not get banned
2021-07-17 15:53:17,963 Media 2619836363149727208 liked succesfully
2021-07-17 15:53:17,963 Waiting 30 seconds to not get banned
2021-07-17 15:53:52,629 Liked media 2619836329922524167.
2021-07-17 15:53:52,629 Media 2619836329922524167 liked succesfully
2021-07-17 15:53:52,629 Waiting 30 seconds to not get banned
2021-07-17 15:54:23,252 Media 2619836313553864458 liked succesfully
2021-07-17 15:54:23,252 Waiting 30 seconds to not get banned
2021-07-17 15:54:54,787 Media 2619836247185811396 liked succesfully
2021-07-17 15:54:54,788 Waiting 30 seconds to not get banned
2021-07-17 15:55:28,236 Liked media 2619836014695422887.
2021-07-17 15:55:28,238 Media 2619836014695422887 liked succesfully
2021-07-17 15:55:28,238 Waiting 30 seconds to not get banned
2021-07-17 15:55:58,929 Media 2619835687807266419 liked succesfully
2021-07-17 15:55:58,930 Waiting 30 seconds to not get banned
2021-07-17 15:56:29,610 Media 2619835662271470539 liked succesfully
2021-07-17 15:56:29,611 Waiting 30 seconds to not get banned
2021-07-17 15:57:04,401 Liked media 2619835558276670844.
2021-07-17 15:57:04,402 Media 2619835558276670844 liked succesfully
2021-07-17 15:57:04,402 Waiting 30 seconds to not get banned
2021-07-17 15:57:35,164 Media 2619835108689812309 liked succesfully
2021-07-17 15:57:35,165 Waiting 30 seconds to not get banned
2021-07-17 15:58:05,765 Media 2619835063770054264 liked succesfully
2021-07-17 15:58:05,766 Waiting 30 seconds to not get banned
2021-07-17 15:58:40,311 Liked media 2619834633676635731.
2021-07-17 15:58:40,311 Media 2619834633676635731 liked succesfully
2021-07-17 15:58:40,311 Waiting 30 seconds to not get banned
2021-07-17 15:59:12,964 Liked media 2619834533659225140.
2021-07-17 15:59:12,964 Media 2619834533659225140 liked succesfully
2021-07-17 15:59:12,964 Waiting 30 seconds to not get banned
2021-07-17 15:59:47,433 Liked media 2619834458264742597.
2021-07-17 15:59:47,434 Media 2619834458264742597 liked succesfully
2021-07-17 15:59:47,434 Waiting 30 seconds to not get banned
2021-07-17 16:00:18,037 Media 2619834366552366543 liked succesfully
2021-07-17 16:00:18,038 Waiting 30 seconds to not get banned
2021-07-17 16:00:48,748 Media 2619834313013088592 liked succesfully
2021-07-17 16:00:48,749 Waiting 30 seconds to not get banned
2021-07-17 16:01:19,595 Media 2619834286071764441 liked succesfully
2021-07-17 16:01:19,596 Waiting 30 seconds to not get banned
2021-07-17 16:01:50,236 Media 2619834288645131733 liked succesfully
2021-07-17 16:01:50,236 Waiting 30 seconds to not get banned
2021-07-17 16:02:20,975 Media 2619834271919409536 liked succesfully
2021-07-17 16:02:20,976 Waiting 30 seconds to not get banned
2021-07-17 16:02:51,699 Media 2619834267966231792 liked succesfully
2021-07-17 16:02:51,700 Waiting 30 seconds to not get banned
2021-07-17 16:03:27,555 Liked media 2619834250786816076.
2021-07-17 16:03:27,556 Media 2619834250786816076 liked succesfully
2021-07-17 16:03:27,556 Waiting 30 seconds to not get banned
2021-07-17 16:03:58,306 Media 2619833997610390351 liked succesfully
2021-07-17 16:03:58,308 Waiting 30 seconds to not get banned
2021-07-17 16:04:29,022 Media 2619833260302019054 liked succesfully
2021-07-17 16:04:29,023 Waiting 30 seconds to not get banned
2021-07-17 16:04:59,762 Media 2619833049848525471 liked succesfully
2021-07-17 16:04:59,763 Waiting 30 seconds to not get banned
2021-07-17 16:05:30,524 Media 2619833091173227903 liked succesfully
2021-07-17 16:05:30,524 Waiting 30 seconds to not get banned
2021-07-17 16:06:01,246 Media 2619833012353641119 liked succesfully
2021-07-17 16:06:01,248 Waiting 30 seconds to not get banned
2021-07-17 16:06:35,320 Liked media 2619831914861602832.
2021-07-17 16:06:35,320 Media 2619831914861602832 liked succesfully
2021-07-17 16:06:35,320 Waiting 30 seconds to not get banned
2021-07-17 16:07:06,017 Media 2619832910580945731 liked succesfully
2021-07-17 16:07:06,018 Waiting 30 seconds to not get banned
2021-07-17 16:07:36,787 Media 2619832767177639887 liked succesfully
2021-07-17 16:07:36,788 Waiting 30 seconds to not get banned
2021-07-17 16:08:07,511 Media 2619832592192542140 liked succesfully
2021-07-17 16:08:07,511 Waiting 30 seconds to not get banned
2021-07-17 16:08:41,816 Liked media 2619832270672777651.
2021-07-17 16:08:41,817 Media 2619832270672777651 liked succesfully
2021-07-17 16:08:41,817 Waiting 30 seconds to not get banned
2021-07-17 16:09:12,416 Media 2619832529136601650 liked succesfully
2021-07-17 16:09:12,417 Waiting 30 seconds to not get banned
2021-07-17 16:09:47,931 Media 2619851389125507133 liked succesfully
2021-07-17 16:09:47,932 Waiting 30 seconds to not get banned
2021-07-17 16:10:18,658 Media 2619851414115259139 liked succesfully
2021-07-17 16:10:18,658 Waiting 30 seconds to not get banned
2021-07-17 16:10:49,276 Media 2619849917127065774 liked succesfully
2021-07-17 16:10:49,276 Waiting 30 seconds to not get banned
2021-07-17 16:11:19,850 Media 2619849647969702411 liked succesfully
2021-07-17 16:11:19,851 Waiting 30 seconds to not get banned
2021-07-17 16:11:50,430 Media 2619849364913166504 liked succesfully
2021-07-17 16:11:50,431 Waiting 30 seconds to not get banned
2021-07-17 16:12:21,018 Media 2619849367057981086 liked succesfully
2021-07-17 16:12:21,019 Waiting 30 seconds to not get banned
2021-07-17 16:12:51,655 Media 2619848503551879041 liked succesfully
2021-07-17 16:12:51,657 Waiting 30 seconds to not get banned
2021-07-17 16:13:22,414 Media 2619848131695813368 liked succesfully
2021-07-17 16:13:22,415 Waiting 30 seconds to not get banned
2021-07-17 16:13:53,161 Media 2619848062403042440 liked succesfully
2021-07-17 16:13:53,162 Waiting 30 seconds to not get banned
2021-07-17 16:14:23,738 Media 2619846914758612648 liked succesfully
2021-07-17 16:14:23,738 Waiting 30 seconds to not get banned
2021-07-17 16:14:54,324 Media 2619846905323563447 liked succesfully
2021-07-17 16:14:54,325 Waiting 30 seconds to not get banned
2021-07-17 16:15:24,963 Media 2619846800717100940 liked succesfully
2021-07-17 16:15:24,964 Waiting 30 seconds to not get banned
2021-07-17 16:15:55,584 Media 2619846699498592566 liked succesfully
2021-07-17 16:15:55,585 Waiting 30 seconds to not get banned
2021-07-17 16:16:26,166 Media 2619846467068544212 liked succesfully
2021-07-17 16:16:26,167 Waiting 30 seconds to not get banned
2021-07-17 16:16:56,805 Media 2619846287567436768 liked succesfully
2021-07-17 16:16:56,805 Waiting 30 seconds to not get banned
2021-07-17 16:17:27,365 Media 2619845705791851927 liked succesfully
2021-07-17 16:17:27,366 Waiting 30 seconds to not get banned
2021-07-17 16:17:57,925 Media 2619844898622437367 liked succesfully
2021-07-17 16:17:57,926 Waiting 30 seconds to not get banned
2021-07-17 16:18:28,483 Media 2619844328113476302 liked succesfully
2021-07-17 16:18:28,484 Waiting 30 seconds to not get banned
2021-07-17 16:18:59,021 Media 2619843979475053968 liked succesfully
2021-07-17 16:18:59,022 Waiting 30 seconds to not get banned
2021-07-17 16:19:29,574 Media 2619843850821255302 liked succesfully
2021-07-17 16:19:29,575 Waiting 30 seconds to not get banned
2021-07-17 16:20:00,314 Media 2619843832995538762 liked succesfully
2021-07-17 16:20:00,315 Waiting 30 seconds to not get banned
2021-07-17 16:20:30,851 Media 2619843331069695223 liked succesfully
2021-07-17 16:20:30,852 Waiting 30 seconds to not get banned
2021-07-17 16:21:01,792 Media 2619843068547748336 liked succesfully
2021-07-17 16:21:01,793 Waiting 30 seconds to not get banned
2021-07-17 16:21:32,366 Media 2619842795039129544 liked succesfully
2021-07-17 16:21:32,367 Waiting 30 seconds to not get banned
2021-07-17 16:22:02,972 Media 2619842222430661239 liked succesfully
2021-07-17 16:22:02,973 Waiting 30 seconds to not get banned
2021-07-17 16:22:33,613 Media 2619840728671339918 liked succesfully
2021-07-17 16:22:33,613 Waiting 30 seconds to not get banned
2021-07-17 16:23:04,208 Media 2619840659054848547 liked succesfully
2021-07-17 16:23:04,209 Waiting 30 seconds to not get banned
2021-07-17 16:23:35,056 Media 2619840064612840131 liked succesfully
2021-07-17 16:23:35,056 Waiting 30 seconds to not get banned
2021-07-17 16:24:05,725 Media 2619839744133063298 liked succesfully
2021-07-17 16:24:05,727 Waiting 30 seconds to not get banned
2021-07-17 16:24:36,326 Media 2619838570617981672 liked succesfully
2021-07-17 16:24:36,327 Waiting 30 seconds to not get banned
2021-07-17 16:25:06,839 Media 2619836812249910789 liked succesfully
2021-07-17 16:25:06,840 Waiting 30 seconds to not get banned
2021-07-17 16:25:37,648 Media 2619836461025310962 liked succesfully
2021-07-17 16:25:37,649 Waiting 30 seconds to not get banned
2021-07-17 16:26:08,327 Media 2619835508593998771 liked succesfully
2021-07-17 16:26:08,328 Waiting 30 seconds to not get banned
2021-07-17 16:26:38,903 Media 2619835423793144451 liked succesfully
2021-07-17 16:26:38,904 Waiting 30 seconds to not get banned
2021-07-17 16:27:09,445 Media 2619835203011431750 liked succesfully
2021-07-17 16:27:09,445 Waiting 30 seconds to not get banned
2021-07-17 16:27:43,623 Liked media 2619834839635855076.
2021-07-17 16:27:43,624 Media 2619834839635855076 liked succesfully
2021-07-17 16:27:43,624 Waiting 30 seconds to not get banned
2021-07-17 16:28:14,352 Media 2619834633676635731 liked succesfully
2021-07-17 16:28:14,352 Waiting 30 seconds to not get banned
2021-07-17 16:28:44,944 Media 2619833307355998376 liked succesfully
2021-07-17 16:28:44,946 Waiting 30 seconds to not get banned
2021-07-17 16:29:15,609 Media 2619831296639014306 liked succesfully
2021-07-17 16:29:15,610 Waiting 30 seconds to not get banned
2021-07-17 16:29:46,689 Media 2619830822731237254 liked succesfully
2021-07-17 16:29:46,689 Waiting 30 seconds to not get banned
2021-07-17 16:30:17,220 Media 2619830232939766036 liked succesfully
2021-07-17 16:30:17,221 Waiting 30 seconds to not get banned
2021-07-17 16:30:47,866 Media 2619829504823847695 liked succesfully
2021-07-17 16:30:47,868 Waiting 30 seconds to not get banned
2021-07-17 16:31:18,577 Media 2619828942786137184 liked succesfully
2021-07-17 16:31:18,578 Waiting 30 seconds to not get banned
2021-07-17 16:31:53,908 Liked media 2619827940498553355.
2021-07-17 16:31:53,909 Media 2619827940498553355 liked succesfully
2021-07-17 16:31:53,910 Waiting 30 seconds to not get banned
2021-07-17 16:32:24,612 Media 2619827314878217140 liked succesfully
2021-07-17 16:32:24,613 Waiting 30 seconds to not get banned
2021-07-17 16:32:55,192 Media 2619826756589185786 liked succesfully
2021-07-17 16:32:55,193 Waiting 30 seconds to not get banned
2021-07-17 16:33:25,794 Media 2619826698382537113 liked succesfully
2021-07-17 16:33:25,795 Waiting 30 seconds to not get banned
2021-07-17 16:33:56,408 Media 2619825646071592921 liked succesfully
2021-07-17 16:33:56,409 Waiting 30 seconds to not get banned
2021-07-17 16:34:26,988 Media 2619825682192039406 liked succesfully
2021-07-17 16:34:26,988 Waiting 30 seconds to not get banned
2021-07-17 16:34:57,535 Media 2619824817243110388 liked succesfully
2021-07-17 16:34:57,536 Waiting 30 seconds to not get banned
2021-07-17 16:35:34,125 Media 2619866775525541940 liked succesfully
2021-07-17 16:35:34,126 Waiting 30 seconds to not get banned
2021-07-17 16:36:04,689 Media 2619865602521021335 liked succesfully
2021-07-17 16:36:04,690 Waiting 30 seconds to not get banned
2021-07-17 16:36:35,476 Media 2619865384009132693 liked succesfully
2021-07-17 16:36:35,477 Waiting 30 seconds to not get banned
2021-07-17 16:37:06,103 Media 2619864901711868245 liked succesfully
2021-07-17 16:37:06,104 Waiting 30 seconds to not get banned
2021-07-17 16:37:36,667 Media 2619864832346521747 liked succesfully
2021-07-17 16:37:36,668 Waiting 30 seconds to not get banned
2021-07-17 16:38:07,284 Media 2619864729252336294 liked succesfully
2021-07-17 16:38:07,285 Waiting 30 seconds to not get banned
2021-07-17 16:38:37,874 Media 2619864474296808310 liked succesfully
2021-07-17 16:38:37,874 Waiting 30 seconds to not get banned
2021-07-17 16:39:08,428 Media 2619863272856469602 liked succesfully
2021-07-17 16:39:08,428 Waiting 30 seconds to not get banned
2021-07-17 16:39:38,974 Media 2619863174405304382 liked succesfully
2021-07-17 16:39:38,975 Waiting 30 seconds to not get banned
2021-07-17 16:40:09,535 Media 2619862365391163605 liked succesfully
2021-07-17 16:40:09,535 Waiting 30 seconds to not get banned
2021-07-17 16:40:40,198 Media 2619862143932941470 liked succesfully
2021-07-17 16:40:40,200 Waiting 30 seconds to not get banned
2021-07-17 16:41:10,868 Media 2619861786048197441 liked succesfully
2021-07-17 16:41:10,868 Waiting 30 seconds to not get banned
2021-07-17 16:41:41,411 Media 2619861857997111362 liked succesfully
2021-07-17 16:41:41,412 Waiting 30 seconds to not get banned
2021-07-17 16:42:12,144 Media 2619861338921231642 liked succesfully
2021-07-17 16:42:12,145 Waiting 30 seconds to not get banned
2021-07-17 16:42:42,747 Media 2619860870777213099 liked succesfully
2021-07-17 16:42:42,748 Waiting 30 seconds to not get banned
2021-07-17 16:43:13,308 Media 2619858504107558680 liked succesfully
2021-07-17 16:43:13,308 Waiting 30 seconds to not get banned
2021-07-17 16:43:43,894 Media 2619857274496010687 liked succesfully
2021-07-17 16:43:43,895 Waiting 30 seconds to not get banned
2021-07-17 16:44:14,522 Media 2619856923443853430 liked succesfully
2021-07-17 16:44:14,523 Waiting 30 seconds to not get banned
2021-07-17 16:44:45,143 Media 2619854769749611145 liked succesfully
2021-07-17 16:44:45,144 Waiting 30 seconds to not get banned
2021-07-17 16:45:15,753 Media 2619854954676737925 liked succesfully
2021-07-17 16:45:15,754 Waiting 30 seconds to not get banned
2021-07-17 16:45:46,346 Media 2619852246942532992 liked succesfully
2021-07-17 16:45:46,347 Waiting 30 seconds to not get banned
2021-07-17 16:46:16,900 Media 2619852097676368662 liked succesfully
2021-07-17 16:46:16,900 Waiting 30 seconds to not get banned
2021-07-17 16:46:47,441 Media 2619851369519367868 liked succesfully
2021-07-17 16:46:47,442 Waiting 30 seconds to not get banned
2021-07-17 16:47:22,175 Liked media 2619850260579435434.
2021-07-17 16:47:22,176 Media 2619850260579435434 liked succesfully
2021-07-17 16:47:22,176 Waiting 30 seconds to not get banned
2021-07-17 16:47:52,914 Media 2619849506395997739 liked succesfully
2021-07-17 16:47:52,914 Waiting 30 seconds to not get banned
2021-07-17 16:48:28,420 Liked media 2619849843892033480.
2021-07-17 16:48:28,420 Media 2619849843892033480 liked succesfully
2021-07-17 16:48:28,421 Waiting 30 seconds to not get banned
2021-07-17 16:48:59,025 Media 2619849444821395489 liked succesfully
2021-07-17 16:48:59,026 Waiting 30 seconds to not get banned
2021-07-17 16:49:29,599 Media 2619849375802017381 liked succesfully
2021-07-17 16:49:29,601 Waiting 30 seconds to not get banned
2021-07-17 16:50:00,244 Media 2619849018880205747 liked succesfully
2021-07-17 16:50:00,244 Waiting 30 seconds to not get banned
2021-07-17 16:50:30,949 Media 2619848657508027988 liked succesfully
2021-07-17 16:50:30,950 Waiting 30 seconds to not get banned
2021-07-17 16:51:01,575 Media 2619848062403042440 liked succesfully
2021-07-17 16:51:01,575 Waiting 30 seconds to not get banned
2021-07-17 16:51:32,161 Media 2619847484940078674 liked succesfully
2021-07-17 16:51:32,162 Waiting 30 seconds to not get banned
2021-07-17 16:52:02,794 Media 2619847459415539300 liked succesfully
2021-07-17 16:52:02,795 Waiting 30 seconds to not get banned
2021-07-17 16:52:33,534 Media 2619847112722167023 liked succesfully
2021-07-17 16:52:33,534 Waiting 30 seconds to not get banned
2021-07-17 16:53:04,127 Media 2619846721945977403 liked succesfully
2021-07-17 16:53:04,128 Waiting 30 seconds to not get banned
2021-07-17 16:53:34,956 Media 2619844720331843172 liked succesfully
2021-07-17 16:53:34,958 Waiting 30 seconds to not get banned
2021-07-17 16:54:05,502 Media 2619844336580264679 liked succesfully
2021-07-17 16:54:05,502 Waiting 30 seconds to not get banned
2021-07-17 16:54:40,171 Liked media 2619842310688617400.
2021-07-17 16:54:40,172 Media 2619842310688617400 liked succesfully
2021-07-17 16:54:40,172 Waiting 30 seconds to not get banned
2021-07-17 16:55:10,968 Media 2619841324245835051 liked succesfully
2021-07-17 16:55:10,968 Waiting 30 seconds to not get banned
2021-07-17 16:55:41,610 Media 2619840659054848547 liked succesfully
2021-07-17 16:55:41,610 Waiting 30 seconds to not get banned
2021-07-17 16:56:12,172 Media 2619840650440500040 liked succesfully
2021-07-17 16:56:12,173 Waiting 30 seconds to not get banned
2021-07-17 16:56:42,771 Media 2619840495870724490 liked succesfully
2021-07-17 16:56:42,773 Waiting 30 seconds to not get banned
2021-07-17 16:57:19,288 Liked media 2619839925587893445.
2021-07-17 16:57:19,289 Media 2619839925587893445 liked succesfully
2021-07-17 16:57:19,289 Waiting 30 seconds to not get banned
2021-07-17 16:57:53,568 Liked media 2619838665375714329.
2021-07-17 16:57:53,568 Media 2619838665375714329 liked succesfully
2021-07-17 16:57:53,568 Waiting 30 seconds to not get banned
2021-07-17 16:58:27,628 Liked media 2619838005326352211.
2021-07-17 16:58:27,628 Media 2619838005326352211 liked succesfully
2021-07-17 16:58:27,628 Waiting 30 seconds to not get banned
2021-07-17 16:58:58,318 Media 2619837750448654350 liked succesfully
2021-07-17 16:58:58,318 Waiting 30 seconds to not get banned
2021-07-17 16:59:28,952 Media 2619837182831932565 liked succesfully
2021-07-17 16:59:28,952 Waiting 30 seconds to not get banned
2021-07-17 17:00:03,283 Liked media 2619836611460097703.
2021-07-17 17:00:03,284 Media 2619836611460097703 liked succesfully
2021-07-17 17:00:03,284 Waiting 30 seconds to not get banned
2021-07-17 17:00:33,921 Media 2619835478746489523 liked succesfully
2021-07-17 17:00:33,922 Waiting 30 seconds to not get banned
2021-07-17 17:01:04,478 Media 2619835063770054264 liked succesfully
2021-07-17 17:01:04,479 Waiting 30 seconds to not get banned
2021-07-17 17:01:34,829 Bot stopped. Worked: 1:18:13.583819
2021-07-17 17:01:34,831 Total likes: 21/1000
2021-07-17 17:01:34,831 Total requests: 938
2021-07-17 17:01:34,832 Bot stopped. Worked: 1:18:13.586060
2021-07-17 17:01:34,832 Total likes: 21/1000
2021-07-17 17:01:34,832 Total requests: 938
2021-07-17 17:31:42,071 Instabot Started
2021-07-17 17:31:43,943 Logged-in successfully as 'tucodigofavorit0'!
2021-07-17 17:31:51,511 Media 2619895487032334087 liked succesfully
2021-07-17 17:31:51,512 Waiting 30 seconds to not get banned
2021-07-17 17:32:22,114 Media 2619895206751019956 liked succesfully
2021-07-17 17:32:22,114 Waiting 30 seconds to not get banned
2021-07-17 17:32:53,630 Media 2619894762261985628 liked succesfully
2021-07-17 17:32:53,630 Waiting 30 seconds to not get banned
2021-07-17 17:33:29,088 Liked media 2619895116180259754.
2021-07-17 17:33:29,088 Media 2619895116180259754 liked succesfully
2021-07-17 17:33:29,088 Waiting 30 seconds to not get banned
2021-07-17 17:33:59,764 Media 2619894982213719095 liked succesfully
2021-07-17 17:33:59,764 Waiting 30 seconds to not get banned
2021-07-17 17:34:30,400 Media 2619894896196031102 liked succesfully
2021-07-17 17:34:30,401 Waiting 30 seconds to not get banned
2021-07-17 17:35:00,970 Media 2619894853187750423 liked succesfully
2021-07-17 17:35:00,970 Waiting 30 seconds to not get banned
2021-07-17 17:35:31,604 Media 2619894855872891163 liked succesfully
2021-07-17 17:35:31,605 Waiting 30 seconds to not get banned
2021-07-17 17:36:05,028 Media 2619894715671924206 liked succesfully
2021-07-17 17:36:05,028 Waiting 30 seconds to not get banned
2021-07-17 17:36:36,155 Media 2619894612467019700 liked succesfully
2021-07-17 17:36:36,156 Waiting 30 seconds to not get banned
2021-07-17 17:37:06,821 Media 2619894311032912661 liked succesfully
2021-07-17 17:37:06,821 Waiting 30 seconds to not get banned
2021-07-17 17:37:37,758 Media 2619894331280839740 liked succesfully
2021-07-17 17:37:37,759 Waiting 30 seconds to not get banned
2021-07-17 17:38:08,522 Media 2619894305871183344 liked succesfully
2021-07-17 17:38:08,523 Waiting 30 seconds to not get banned
2021-07-17 17:38:39,388 Media 2619894284995005817 liked succesfully
2021-07-17 17:38:39,388 Waiting 30 seconds to not get banned
2021-07-17 17:39:10,046 Media 2619894156546147943 liked succesfully
2021-07-17 17:39:10,047 Waiting 30 seconds to not get banned
2021-07-17 17:39:40,926 Media 2619894029863633769 liked succesfully
2021-07-17 17:39:40,926 Waiting 30 seconds to not get banned
2021-07-17 17:40:11,728 Media 2619894010870191707 liked succesfully
2021-07-17 17:40:11,729 Waiting 30 seconds to not get banned
2021-07-17 17:40:42,841 Media 2619893088416414014 liked succesfully
2021-07-17 17:40:42,841 Waiting 30 seconds to not get banned
2021-07-17 17:41:13,590 Media 2619892839215988352 liked succesfully
2021-07-17 17:41:13,591 Waiting 30 seconds to not get banned
2021-07-17 17:41:44,773 Media 2619892724904460117 liked succesfully
2021-07-17 17:41:44,773 Waiting 30 seconds to not get banned
2021-07-17 17:42:15,590 Media 2619892679591528744 liked succesfully
2021-07-17 17:42:15,590 Waiting 30 seconds to not get banned
2021-07-17 17:42:46,359 Media 2619892673509774510 liked succesfully
2021-07-17 17:42:46,360 Waiting 30 seconds to not get banned
2021-07-17 17:43:17,126 Media 2619892270669726750 liked succesfully
2021-07-17 17:43:17,126 Waiting 30 seconds to not get banned
2021-07-17 17:43:47,955 Media 2619892118039930746 liked succesfully
2021-07-17 17:43:47,955 Waiting 30 seconds to not get banned
2021-07-17 17:44:18,763 Media 2619891739461090245 liked succesfully
2021-07-17 17:44:18,763 Waiting 30 seconds to not get banned
2021-07-17 17:44:49,413 Media 2619891839480528023 liked succesfully
2021-07-17 17:44:49,413 Waiting 30 seconds to not get banned
2021-07-17 17:45:20,020 Media 2619891863681823157 liked succesfully
2021-07-17 17:45:20,021 Waiting 30 seconds to not get banned
2021-07-17 17:45:50,649 Media 2619891419973153294 liked succesfully
2021-07-17 17:45:50,650 Waiting 30 seconds to not get banned
2021-07-17 17:46:21,462 Media 2619891646146070596 liked succesfully
2021-07-17 17:46:21,462 Waiting 30 seconds to not get banned
2021-07-17 17:46:52,098 Media 2619891508406674189 liked succesfully
2021-07-17 17:46:52,099 Waiting 30 seconds to not get banned
2021-07-17 17:47:22,822 Media 2619891428211656951 liked succesfully
2021-07-17 17:47:22,824 Waiting 30 seconds to not get banned
2021-07-17 17:47:53,681 Media 2619891099074585058 liked succesfully
2021-07-17 17:47:53,681 Waiting 30 seconds to not get banned
2021-07-17 17:48:24,724 Media 2619890261245151506 liked succesfully
2021-07-17 17:48:24,725 Waiting 30 seconds to not get banned
2021-07-17 17:48:55,381 Media 2619889415446930413 liked succesfully
2021-07-17 17:48:55,382 Waiting 30 seconds to not get banned
2021-07-17 17:49:29,714 Liked media 2619889449798766563.
2021-07-17 17:49:29,714 Media 2619889449798766563 liked succesfully
2021-07-17 17:49:29,715 Waiting 30 seconds to not get banned
2021-07-17 17:50:00,485 Media 2619889089039940987 liked succesfully
2021-07-17 17:50:00,485 Waiting 30 seconds to not get banned
2021-07-17 17:50:31,099 Media 2619889121871324563 liked succesfully
2021-07-17 17:50:31,100 Waiting 30 seconds to not get banned
2021-07-17 17:51:01,779 Media 2619888148904179515 liked succesfully
2021-07-17 17:51:01,779 Waiting 30 seconds to not get banned
2021-07-17 17:51:32,459 Media 2619888132577263304 liked succesfully
2021-07-17 17:51:32,459 Waiting 30 seconds to not get banned
2021-07-17 17:52:03,136 Media 2619888041905284657 liked succesfully
2021-07-17 17:52:03,137 Waiting 30 seconds to not get banned
2021-07-17 17:52:33,702 Media 2619887540551667127 liked succesfully
2021-07-17 17:52:33,702 Waiting 30 seconds to not get banned
2021-07-17 17:53:04,476 Media 2619887448629228670 liked succesfully
2021-07-17 17:53:04,477 Waiting 30 seconds to not get banned
2021-07-17 17:53:35,040 Media 2619887216391990144 liked succesfully
2021-07-17 17:53:35,040 Waiting 30 seconds to not get banned
2021-07-17 17:54:05,830 Media 2619886413852587392 liked succesfully
2021-07-17 17:54:05,830 Waiting 30 seconds to not get banned
2021-07-17 17:54:41,310 Liked media 2619886348809673713.
2021-07-17 17:54:41,310 Media 2619886348809673713 liked succesfully
2021-07-17 17:54:41,310 Waiting 30 seconds to not get banned
2021-07-17 17:55:12,030 Media 2619886330244611034 liked succesfully
2021-07-17 17:55:12,030 Waiting 30 seconds to not get banned
2021-07-17 17:55:42,775 Media 2619886297781763441 liked succesfully
2021-07-17 17:55:42,775 Waiting 30 seconds to not get banned
2021-07-17 17:56:13,355 Media 2619885300499616145 liked succesfully
2021-07-17 17:56:13,355 Waiting 30 seconds to not get banned
2021-07-17 17:56:43,962 Media 2619885801520072990 liked succesfully
2021-07-17 17:56:43,963 Waiting 30 seconds to not get banned
2021-07-17 17:57:19,328 Liked media 2619885724837433380.
2021-07-17 17:57:19,329 Media 2619885724837433380 liked succesfully
2021-07-17 17:57:19,330 Waiting 30 seconds to not get banned
2021-07-17 17:57:54,920 Media 2619908204287263493 liked succesfully
2021-07-17 17:57:54,920 Waiting 30 seconds to not get banned
2021-07-17 17:58:25,547 Media 2619906743016799951 liked succesfully
2021-07-17 17:58:25,548 Waiting 30 seconds to not get banned
2021-07-17 17:58:56,150 Media 2619906512825184722 liked succesfully
2021-07-17 17:58:56,151 Waiting 30 seconds to not get banned
2021-07-17 17:59:26,739 Media 2619905282264619583 liked succesfully
2021-07-17 17:59:26,739 Waiting 30 seconds to not get banned
2021-07-17 17:59:57,379 Media 2619903490676137452 liked succesfully
2021-07-17 17:59:57,380 Waiting 30 seconds to not get banned
2021-07-17 18:00:28,003 Media 2619903175954385687 liked succesfully
2021-07-17 18:00:28,004 Waiting 30 seconds to not get banned
2021-07-17 18:00:58,783 Media 2619902563374102240 liked succesfully
2021-07-17 18:00:58,784 Waiting 30 seconds to not get banned
2021-07-17 18:01:29,552 Media 2619902250254722720 liked succesfully
2021-07-17 18:01:29,552 Waiting 30 seconds to not get banned
2021-07-17 18:02:00,282 Media 2619901556214754873 liked succesfully
2021-07-17 18:02:00,283 Waiting 30 seconds to not get banned
2021-07-17 18:02:30,925 Media 2619901493088503654 liked succesfully
2021-07-17 18:02:30,926 Waiting 30 seconds to not get banned
2021-07-17 18:03:01,487 Media 2619900949062201145 liked succesfully
2021-07-17 18:03:01,488 Waiting 30 seconds to not get banned
2021-07-17 18:03:32,193 Media 2619900577530524535 liked succesfully
2021-07-17 18:03:32,194 Waiting 30 seconds to not get banned
2021-07-17 18:04:02,850 Media 2619900366827570343 liked succesfully
2021-07-17 18:04:02,852 Waiting 30 seconds to not get banned
2021-07-17 18:04:33,609 Media 2619896440118222994 liked succesfully
2021-07-17 18:04:33,610 Waiting 30 seconds to not get banned
2021-07-17 18:05:04,217 Media 2619895771672069201 liked succesfully
2021-07-17 18:05:04,217 Waiting 30 seconds to not get banned
2021-07-17 18:05:34,833 Media 2619895248004760221 liked succesfully
2021-07-17 18:05:34,834 Waiting 30 seconds to not get banned
2021-07-17 18:06:05,400 Media 2619894817276843708 liked succesfully
2021-07-17 18:06:05,400 Waiting 30 seconds to not get banned
2021-07-17 18:06:35,934 Media 2619894791666533481 liked succesfully
2021-07-17 18:06:35,935 Waiting 30 seconds to not get banned
2021-07-17 18:07:06,687 Media 2619894707418691897 liked succesfully
2021-07-17 18:07:06,688 Waiting 30 seconds to not get banned
2021-07-17 18:07:37,373 Media 2619894186225555157 liked succesfully
2021-07-17 18:07:37,374 Waiting 30 seconds to not get banned
2021-07-17 18:08:12,553 Liked media 2619894137763968359.
2021-07-17 18:08:12,554 Media 2619894137763968359 liked succesfully
2021-07-17 18:08:12,554 Waiting 30 seconds to not get banned
2021-07-17 18:08:43,330 Media 2619893088416414014 liked succesfully
2021-07-17 18:08:43,330 Waiting 30 seconds to not get banned
2021-07-17 18:09:14,219 Media 2619889671659934797 liked succesfully
2021-07-17 18:09:14,219 Waiting 30 seconds to not get banned
2021-07-17 18:09:44,890 Media 2619891128644611799 liked succesfully
2021-07-17 18:09:44,891 Waiting 30 seconds to not get banned
2021-07-17 18:10:15,721 Media 2619890762850963640 liked succesfully
2021-07-17 18:10:15,722 Waiting 30 seconds to not get banned
2021-07-17 18:10:46,624 Media 2619888777828981320 liked succesfully
2021-07-17 18:10:46,625 Waiting 30 seconds to not get banned
2021-07-17 18:11:17,339 Media 2619888048062509994 liked succesfully
2021-07-17 18:11:17,339 Waiting 30 seconds to not get banned
2021-07-17 18:11:47,947 Media 2619882739156936033 liked succesfully
2021-07-17 18:11:47,947 Waiting 30 seconds to not get banned
2021-07-17 18:12:18,647 Media 2619887320905945940 liked succesfully
2021-07-17 18:12:18,649 Waiting 30 seconds to not get banned
2021-07-17 18:12:49,210 Media 2619886883547599806 liked succesfully
2021-07-17 18:12:49,210 Waiting 30 seconds to not get banned
2021-07-17 18:13:19,999 Media 2619885979305872166 liked succesfully
2021-07-17 18:13:20,000 Waiting 30 seconds to not get banned
2021-07-17 18:13:50,689 Media 2619885199484114352 liked succesfully
2021-07-17 18:13:50,690 Waiting 30 seconds to not get banned
2021-07-17 18:14:25,850 Liked media 2619884705411773319.
2021-07-17 18:14:25,850 Media 2619884705411773319 liked succesfully
2021-07-17 18:14:25,850 Waiting 30 seconds to not get banned
2021-07-17 18:14:59,016 Liked media 2619883276513114821.
2021-07-17 18:14:59,018 Media 2619883276513114821 liked succesfully
2021-07-17 18:14:59,018 Waiting 30 seconds to not get banned
2021-07-17 18:15:29,592 Media 2619882123918088714 liked succesfully
2021-07-17 18:15:29,592 Waiting 30 seconds to not get banned
2021-07-17 18:16:00,182 Media 2619881840243004591 liked succesfully
2021-07-17 18:16:00,183 Waiting 30 seconds to not get banned
2021-07-17 18:16:33,308 Media 2619880639940049896 liked succesfully
2021-07-17 18:16:33,309 Waiting 30 seconds to not get banned
2021-07-17 18:17:03,897 Media 2619880514842466027 liked succesfully
2021-07-17 18:17:03,897 Waiting 30 seconds to not get banned
2021-07-17 18:17:37,770 Liked media 2619880049373652302.
2021-07-17 18:17:37,771 Media 2619880049373652302 liked succesfully
2021-07-17 18:17:37,772 Waiting 30 seconds to not get banned
2021-07-17 18:18:08,391 Media 2619878086919275203 liked succesfully
2021-07-17 18:18:08,392 Waiting 30 seconds to not get banned
2021-07-17 18:18:38,980 Media 2619878010010917108 liked succesfully
2021-07-17 18:18:38,981 Waiting 30 seconds to not get banned
2021-07-17 18:19:09,672 Media 2619877936014923248 liked succesfully
2021-07-17 18:19:09,672 Waiting 30 seconds to not get banned
2021-07-17 18:19:40,298 Media 2619877640123441434 liked succesfully
2021-07-17 18:19:40,298 Waiting 30 seconds to not get banned
2021-07-17 18:20:10,957 Media 2619875555948550265 liked succesfully
2021-07-17 18:20:10,958 Waiting 30 seconds to not get banned
2021-07-17 18:20:41,768 Media 2619874539744492827 liked succesfully
2021-07-17 18:20:41,768 Waiting 30 seconds to not get banned
2021-07-17 18:21:12,465 Media 2619872875150528982 liked succesfully
2021-07-17 18:21:12,466 Waiting 30 seconds to not get banned
2021-07-17 18:21:43,281 Media 2619868788648367411 liked succesfully
2021-07-17 18:21:43,281 Waiting 30 seconds to not get banned
2021-07-17 18:22:13,916 Media 2619868630204851833 liked succesfully
2021-07-17 18:22:13,916 Waiting 30 seconds to not get banned
2021-07-17 18:22:44,590 Media 2619865706626219873 liked succesfully
2021-07-17 18:22:44,591 Waiting 30 seconds to not get banned
2021-07-17 18:23:18,126 Liked media 2619865246777806318.
2021-07-17 18:23:18,126 Media 2619865246777806318 liked succesfully
2021-07-17 18:23:18,127 Waiting 30 seconds to not get banned
2021-07-17 18:23:54,913 Media 2619921521308695990 liked succesfully
2021-07-17 18:23:54,914 Waiting 30 seconds to not get banned
2021-07-17 18:24:25,536 Media 2619920134144194861 liked succesfully
2021-07-17 18:24:25,536 Waiting 30 seconds to not get banned
2021-07-17 18:24:56,192 Media 2619919135799162732 liked succesfully
2021-07-17 18:24:56,193 Waiting 30 seconds to not get banned
2021-07-17 18:25:26,903 Media 2619918297476306487 liked succesfully
2021-07-17 18:25:26,903 Waiting 30 seconds to not get banned
2021-07-17 18:25:57,517 Media 2619917932587407040 liked succesfully
2021-07-17 18:25:57,518 Waiting 30 seconds to not get banned
2021-07-17 18:26:28,133 Media 2619917463665663067 liked succesfully
2021-07-17 18:26:28,134 Waiting 30 seconds to not get banned
2021-07-17 18:26:58,810 Media 2619917241861272861 liked succesfully
2021-07-17 18:26:58,811 Waiting 30 seconds to not get banned
2021-07-17 18:27:29,564 Media 2619915675776369955 liked succesfully
2021-07-17 18:27:29,564 Waiting 30 seconds to not get banned
2021-07-17 18:28:03,653 Liked media 2619916554615986249.
2021-07-17 18:28:03,654 Media 2619916554615986249 liked succesfully
2021-07-17 18:28:03,654 Waiting 30 seconds to not get banned
2021-07-17 18:28:38,216 Media 2619915811798993396 liked succesfully
2021-07-17 18:28:38,216 Waiting 30 seconds to not get banned
2021-07-17 18:29:09,043 Media 2619911044224740523 liked succesfully
2021-07-17 18:29:09,044 Waiting 30 seconds to not get banned
2021-07-17 18:29:39,720 Media 2619911479851657025 liked succesfully
2021-07-17 18:29:39,720 Waiting 30 seconds to not get banned
2021-07-17 18:30:10,315 Media 2619910906104849645 liked succesfully
2021-07-17 18:30:10,316 Waiting 30 seconds to not get banned
2021-07-17 18:30:40,991 Media 2619909902794437238 liked succesfully
2021-07-17 18:30:40,992 Waiting 30 seconds to not get banned
2021-07-17 18:31:11,699 Media 2619909856507279040 liked succesfully
2021-07-17 18:31:11,700 Waiting 30 seconds to not get banned
2021-07-17 18:31:42,496 Media 2619908992025995895 liked succesfully
2021-07-17 18:31:42,497 Waiting 30 seconds to not get banned
2021-07-17 18:32:13,498 Media 2619908860114620662 liked succesfully
2021-07-17 18:32:13,499 Waiting 30 seconds to not get banned
2021-07-17 18:32:48,268 Liked media 2619908583584449139.
2021-07-17 18:32:48,269 Media 2619908583584449139 liked succesfully
2021-07-17 18:32:48,269 Waiting 30 seconds to not get banned
2021-07-17 18:33:22,333 Liked media 2619908520261118748.
2021-07-17 18:33:22,334 Media 2619908520261118748 liked succesfully
2021-07-17 18:33:22,334 Waiting 30 seconds to not get banned
2021-07-17 18:33:52,944 Media 2619908154005281408 liked succesfully
2021-07-17 18:33:52,945 Waiting 30 seconds to not get banned
2021-07-17 18:34:23,528 Media 2619907638802164603 liked succesfully
2021-07-17 18:34:23,529 Waiting 30 seconds to not get banned
2021-07-17 18:34:54,234 Media 2619906547770160582 liked succesfully
2021-07-17 18:34:54,234 Waiting 30 seconds to not get banned
2021-07-17 18:35:24,891 Media 2619906265403335540 liked succesfully
2021-07-17 18:35:24,892 Waiting 30 seconds to not get banned
2021-07-17 18:35:55,446 Media 2619905961372842467 liked succesfully
2021-07-17 18:35:55,446 Waiting 30 seconds to not get banned
2021-07-17 18:36:26,250 Media 2619905757638642735 liked succesfully
2021-07-17 18:36:26,251 Waiting 30 seconds to not get banned
2021-07-17 18:36:57,000 Media 2619905112345027141 liked succesfully
2021-07-17 18:36:57,002 Waiting 30 seconds to not get banned
2021-07-17 18:37:27,629 Media 2619904601933166212 liked succesfully
2021-07-17 18:37:27,630 Waiting 30 seconds to not get banned
2021-07-17 18:38:00,488 Media 2619903531537035406 liked succesfully
2021-07-17 18:38:00,490 Waiting 30 seconds to not get banned
2021-07-17 18:38:31,325 Media 2619902924386264453 liked succesfully
2021-07-17 18:38:31,326 Waiting 30 seconds to not get banned
2021-07-17 18:39:01,950 Media 2619902700857584718 liked succesfully
2021-07-17 18:39:01,951 Waiting 30 seconds to not get banned
2021-07-17 18:39:32,690 Media 2619900881030469797 liked succesfully
2021-07-17 18:39:32,691 Waiting 30 seconds to not get banned
2021-07-17 18:40:03,239 Media 2619902031754540384 liked succesfully
2021-07-17 18:40:03,241 Waiting 30 seconds to not get banned
2021-07-17 18:40:34,371 Media 2619901803894716294 liked succesfully
2021-07-17 18:40:34,372 Waiting 30 seconds to not get banned
2021-07-17 18:41:05,233 Media 2619901146915863989 liked succesfully
2021-07-17 18:41:05,234 Waiting 30 seconds to not get banned
2021-07-17 18:41:35,418 Request returns 400 error!
2021-07-17 18:41:35,418 ATTENTION!: `feedback_required`We restrict certain activity to protect our community. Based on your use, this action will be unavailable for you until 2021-07-18. Tell us if you think we made a mistake.
2021-07-17 18:41:35,686 Bot stopped. Worked: 2:58:14.440406
2021-07-17 18:41:35,686 Total likes: 33/1000
2021-07-17 18:41:35,686 Total requests: 1391
