2021-07-14 13:48:30,070 Instabot Started
2021-07-14 13:48:32,316 Logged-in successfully as 'tucodigofavorit0'!
2021-07-14 13:48:41,417 Waiting 352 seconds to not get banned
2021-07-14 13:54:37,547 Waiting 352 seconds to not get banned
2021-07-14 13:55:05,280 Bot stopped. Worked: 0:06:35.210064
2021-07-14 13:55:05,281 Total follows: 2/1000
2021-07-14 13:55:05,281 Total requests: 10
2021-07-14 13:55:40,666 Instabot Started
2021-07-14 13:55:42,810 Logged-in successfully as 'tucodigofavorit0'!
2021-07-14 13:55:50,031 Waiting 19 seconds to not get banned
2021-07-14 13:56:08,080 Bot stopped. Worked: 0:07:38.009503
2021-07-14 13:56:08,080 Total follows: 2/1000
2021-07-14 13:56:08,080 Total requests: 14
2021-07-14 13:56:19,759 Instabot Started
2021-07-14 13:56:22,042 Logged-in successfully as 'tucodigofavorit0'!
2021-07-14 13:56:29,352 Waiting 35 seconds to not get banned
2021-07-14 13:57:06,235 Waiting 35 seconds to not get banned
2021-07-14 13:57:44,592 Waiting 35 seconds to not get banned
2021-07-14 13:58:21,364 Waiting 35 seconds to not get banned
2021-07-14 13:58:58,822 Waiting 35 seconds to not get banned
2021-07-14 13:59:36,586 Waiting 35 seconds to not get banned
2021-07-14 14:00:14,371 Waiting 35 seconds to not get banned
2021-07-14 14:00:53,055 Waiting 35 seconds to not get banned
2021-07-14 14:01:30,284 Waiting 35 seconds to not get banned
2021-07-14 14:02:10,400 Waiting 35 seconds to not get banned
2021-07-14 14:02:46,260 Waiting 35 seconds to not get banned
2021-07-14 14:03:24,379 Waiting 35 seconds to not get banned
2021-07-14 14:04:01,453 Waiting 35 seconds to not get banned
2021-07-14 14:04:38,853 Waiting 35 seconds to not get banned
2021-07-14 14:05:15,401 Waiting 35 seconds to not get banned
2021-07-14 14:05:52,570 Waiting 35 seconds to not get banned
2021-07-14 14:06:30,010 Waiting 35 seconds to not get banned
2021-07-14 14:07:08,393 Waiting 35 seconds to not get banned
2021-07-14 14:07:45,613 Waiting 35 seconds to not get banned
2021-07-14 14:08:24,401 Waiting 35 seconds to not get banned
2021-07-14 14:09:01,324 Waiting 35 seconds to not get banned
2021-07-14 14:09:41,051 Waiting 35 seconds to not get banned
2021-07-14 14:10:18,374 Waiting 35 seconds to not get banned
2021-07-14 14:10:56,742 Waiting 35 seconds to not get banned
2021-07-14 14:11:35,106 Waiting 35 seconds to not get banned
2021-07-14 14:12:14,939 Waiting 35 seconds to not get banned
2021-07-14 14:12:52,787 Waiting 35 seconds to not get banned
2021-07-14 14:13:29,570 Waiting 35 seconds to not get banned
2021-07-14 14:14:08,931 Waiting 35 seconds to not get banned
2021-07-14 14:14:47,423 Waiting 35 seconds to not get banned
2021-07-14 14:15:24,257 Waiting 35 seconds to not get banned
2021-07-14 14:16:02,441 Waiting 35 seconds to not get banned
2021-07-14 17:19:17,948 HTTPSConnectionPool(host='i.instagram.com', port=443): Read timed out. (read timeout=None)
2021-07-14 17:19:18,913 Waiting 35 seconds to not get banned
2021-07-14 17:19:55,769 Waiting 35 seconds to not get banned
2021-07-14 17:20:33,417 Waiting 35 seconds to not get banned
2021-07-14 17:21:12,921 Waiting 35 seconds to not get banned
2021-07-14 17:21:50,386 Waiting 35 seconds to not get banned
2021-07-14 17:22:27,737 Waiting 35 seconds to not get banned
2021-07-14 17:23:06,764 Waiting 35 seconds to not get banned
2021-07-14 21:00:49,748 HTTPSConnectionPool(host='i.instagram.com', port=443): Read timed out. (read timeout=None)
2021-07-14 21:00:51,462 Waiting 35 seconds to not get banned
2021-07-14 21:01:28,874 Waiting 35 seconds to not get banned
2021-07-14 21:02:07,617 Waiting 35 seconds to not get banned
2021-07-14 21:02:47,687 Waiting 35 seconds to not get banned
2021-07-14 21:03:24,941 Waiting 35 seconds to not get banned
2021-07-14 21:04:02,176 Waiting 35 seconds to not get banned
2021-07-14 21:04:41,769 Waiting 35 seconds to not get banned
2021-07-14 22:21:33,160 Bot stopped. Worked: 8:33:03.090219
2021-07-14 22:21:33,162 Total follows: 31/1000
2021-07-14 22:21:33,162 Total requests: 86
2021-07-17 15:43:29,264 Instabot Started
2021-07-17 15:43:32,488 Logged-in successfully as 'tucodigofavorit0'!
2021-07-17 15:43:43,468 Waiting 35 seconds to not get banned
2021-07-17 15:44:20,692 Waiting 35 seconds to not get banned
2021-07-17 15:44:59,599 Waiting 35 seconds to not get banned
2021-07-17 15:45:38,648 Waiting 35 seconds to not get banned
2021-07-17 15:46:18,158 Waiting 35 seconds to not get banned
2021-07-17 15:46:54,932 Waiting 35 seconds to not get banned
2021-07-17 15:47:33,913 Waiting 35 seconds to not get banned
2021-07-17 15:48:12,364 Waiting 35 seconds to not get banned
2021-07-17 15:48:49,629 Waiting 35 seconds to not get banned
2021-07-17 15:49:27,082 Waiting 35 seconds to not get banned
2021-07-17 15:50:05,609 Waiting 35 seconds to not get banned
2021-07-17 15:50:44,805 Waiting 35 seconds to not get banned
2021-07-17 15:51:22,223 Waiting 35 seconds to not get banned
2021-07-17 15:51:59,736 Waiting 35 seconds to not get banned
2021-07-17 15:52:37,401 Waiting 35 seconds to not get banned
2021-07-17 15:53:15,521 Waiting 35 seconds to not get banned
2021-07-17 15:53:54,009 Waiting 35 seconds to not get banned
2021-07-17 15:54:32,556 Waiting 35 seconds to not get banned
2021-07-17 15:55:11,276 Waiting 35 seconds to not get banned
2021-07-17 15:55:48,813 Waiting 35 seconds to not get banned
2021-07-17 15:56:28,180 Waiting 35 seconds to not get banned
2021-07-17 15:57:07,839 Waiting 35 seconds to not get banned
2021-07-17 15:57:47,735 Waiting 35 seconds to not get banned
2021-07-17 15:58:27,259 Waiting 35 seconds to not get banned
2021-07-17 15:59:04,330 Waiting 35 seconds to not get banned
2021-07-17 15:59:43,154 Waiting 35 seconds to not get banned
2021-07-17 16:00:21,852 Waiting 35 seconds to not get banned
2021-07-17 16:00:59,107 Waiting 35 seconds to not get banned
2021-07-17 16:01:36,132 Waiting 35 seconds to not get banned
2021-07-17 16:02:14,721 Waiting 35 seconds to not get banned
2021-07-17 16:02:54,698 Waiting 35 seconds to not get banned
2021-07-17 16:03:33,020 Waiting 35 seconds to not get banned
2021-07-17 16:04:11,768 Waiting 35 seconds to not get banned
2021-07-17 16:04:49,968 Waiting 35 seconds to not get banned
2021-07-17 16:05:28,034 Waiting 35 seconds to not get banned
2021-07-17 16:06:06,283 Waiting 35 seconds to not get banned
2021-07-17 16:06:44,812 Waiting 35 seconds to not get banned
2021-07-17 16:07:23,089 Waiting 35 seconds to not get banned
2021-07-17 16:08:02,547 Waiting 35 seconds to not get banned
2021-07-17 16:08:41,969 Waiting 35 seconds to not get banned
2021-07-17 16:09:21,344 Waiting 35 seconds to not get banned
2021-07-17 16:09:58,099 Waiting 35 seconds to not get banned
2021-07-17 16:10:37,444 Waiting 35 seconds to not get banned
2021-07-17 16:11:16,635 Waiting 35 seconds to not get banned
2021-07-17 16:11:53,912 Waiting 35 seconds to not get banned
2021-07-17 16:12:31,021 Waiting 35 seconds to not get banned
2021-07-17 16:13:09,281 Waiting 35 seconds to not get banned
2021-07-17 16:13:47,058 Waiting 35 seconds to not get banned
2021-07-17 16:14:24,396 Waiting 35 seconds to not get banned
2021-07-17 16:15:02,479 Waiting 35 seconds to not get banned
2021-07-17 16:15:40,341 Waiting 35 seconds to not get banned
2021-07-17 16:16:19,137 Waiting 35 seconds to not get banned
2021-07-17 16:16:56,753 Waiting 35 seconds to not get banned
2021-07-17 16:17:33,430 Waiting 35 seconds to not get banned
2021-07-17 16:18:12,331 Waiting 35 seconds to not get banned
2021-07-17 16:18:49,754 Waiting 35 seconds to not get banned
2021-07-17 16:19:28,147 Waiting 35 seconds to not get banned
2021-07-17 16:20:07,102 Waiting 35 seconds to not get banned
2021-07-17 16:20:45,033 Waiting 35 seconds to not get banned
2021-07-17 16:21:24,273 Waiting 35 seconds to not get banned
2021-07-17 16:22:03,591 Waiting 35 seconds to not get banned
2021-07-17 16:22:41,738 Waiting 35 seconds to not get banned
2021-07-17 16:23:19,359 Waiting 35 seconds to not get banned
2021-07-17 16:23:57,789 Waiting 35 seconds to not get banned
2021-07-17 16:24:34,451 Waiting 35 seconds to not get banned
2021-07-17 16:25:12,190 Waiting 35 seconds to not get banned
2021-07-17 16:25:51,392 Waiting 35 seconds to not get banned
2021-07-17 16:26:28,814 Waiting 35 seconds to not get banned
2021-07-17 16:27:07,373 Waiting 35 seconds to not get banned
2021-07-17 16:27:44,581 Waiting 35 seconds to not get banned
2021-07-17 16:28:23,767 Waiting 35 seconds to not get banned
2021-07-17 16:29:00,788 Waiting 35 seconds to not get banned
2021-07-17 16:29:38,068 Waiting 35 seconds to not get banned
2021-07-17 16:30:16,333 Waiting 35 seconds to not get banned
2021-07-17 16:30:56,121 Waiting 35 seconds to not get banned
2021-07-17 16:31:32,734 Waiting 35 seconds to not get banned
2021-07-17 16:32:10,336 Waiting 35 seconds to not get banned
2021-07-17 16:32:54,416 Waiting 35 seconds to not get banned
2021-07-17 16:33:34,103 Waiting 35 seconds to not get banned
2021-07-17 16:34:12,463 Waiting 35 seconds to not get banned
2021-07-17 16:34:49,533 Waiting 35 seconds to not get banned
2021-07-17 16:35:27,920 Waiting 35 seconds to not get banned
2021-07-17 16:36:05,183 Waiting 35 seconds to not get banned
2021-07-17 16:36:41,725 Waiting 35 seconds to not get banned
2021-07-17 16:37:20,899 Waiting 35 seconds to not get banned
2021-07-17 16:37:57,704 Waiting 35 seconds to not get banned
2021-07-17 16:38:36,378 Waiting 35 seconds to not get banned
2021-07-17 16:39:14,605 Waiting 35 seconds to not get banned
2021-07-17 16:39:52,865 Waiting 35 seconds to not get banned
2021-07-17 16:40:30,555 Waiting 35 seconds to not get banned
2021-07-17 16:41:08,716 Waiting 35 seconds to not get banned
2021-07-17 16:41:46,348 Waiting 35 seconds to not get banned
2021-07-17 16:42:25,322 Waiting 35 seconds to not get banned
2021-07-17 16:43:02,593 Waiting 35 seconds to not get banned
2021-07-17 16:43:40,674 Waiting 35 seconds to not get banned
2021-07-17 16:44:17,632 Waiting 35 seconds to not get banned
2021-07-17 16:44:54,407 Waiting 35 seconds to not get banned
2021-07-17 16:45:34,165 Waiting 35 seconds to not get banned
2021-07-17 16:46:11,991 Waiting 35 seconds to not get banned
2021-07-17 16:46:48,265 Waiting 35 seconds to not get banned
2021-07-17 16:47:26,610 Waiting 35 seconds to not get banned
2021-07-17 16:48:04,129 Waiting 35 seconds to not get banned
2021-07-17 16:48:42,991 Waiting 35 seconds to not get banned
2021-07-17 16:49:22,086 Waiting 35 seconds to not get banned
2021-07-17 16:49:59,067 Waiting 35 seconds to not get banned
2021-07-17 16:50:36,025 Waiting 35 seconds to not get banned
2021-07-17 16:51:13,002 Waiting 35 seconds to not get banned
2021-07-17 16:51:49,959 Waiting 35 seconds to not get banned
2021-07-17 16:52:27,739 Waiting 35 seconds to not get banned
2021-07-17 16:53:07,310 Waiting 35 seconds to not get banned
2021-07-17 16:53:46,813 Waiting 35 seconds to not get banned
2021-07-17 16:54:24,789 Waiting 35 seconds to not get banned
2021-07-17 16:55:03,829 Waiting 35 seconds to not get banned
2021-07-17 16:55:40,701 Waiting 35 seconds to not get banned
2021-07-17 16:56:19,359 Waiting 35 seconds to not get banned
2021-07-17 16:56:55,940 Waiting 35 seconds to not get banned
2021-07-17 16:57:33,813 Waiting 35 seconds to not get banned
2021-07-17 16:58:12,676 Waiting 35 seconds to not get banned
2021-07-17 16:58:52,082 Waiting 35 seconds to not get banned
2021-07-17 16:59:29,993 Waiting 35 seconds to not get banned
2021-07-17 17:00:07,732 Waiting 35 seconds to not get banned
2021-07-17 17:00:45,653 Waiting 35 seconds to not get banned
2021-07-17 17:01:24,383 Waiting 35 seconds to not get banned
2021-07-17 17:02:03,836 Waiting 35 seconds to not get banned
2021-07-17 17:02:43,407 Waiting 35 seconds to not get banned
2021-07-17 17:03:22,416 Waiting 35 seconds to not get banned
2021-07-17 17:04:01,604 Waiting 35 seconds to not get banned
2021-07-17 17:04:40,167 Waiting 35 seconds to not get banned
2021-07-17 17:05:19,576 Waiting 35 seconds to not get banned
2021-07-17 17:05:56,989 Waiting 35 seconds to not get banned
2021-07-17 17:06:35,405 Waiting 35 seconds to not get banned
2021-07-17 17:07:13,283 Waiting 35 seconds to not get banned
2021-07-17 17:07:50,822 Waiting 35 seconds to not get banned
2021-07-17 17:08:28,753 Waiting 35 seconds to not get banned
2021-07-17 17:09:07,899 Waiting 35 seconds to not get banned
2021-07-17 17:09:44,933 Waiting 35 seconds to not get banned
2021-07-17 17:10:23,882 Waiting 35 seconds to not get banned
2021-07-17 17:11:01,742 Waiting 35 seconds to not get banned
2021-07-17 17:11:39,230 Waiting 35 seconds to not get banned
2021-07-17 17:12:17,788 Waiting 35 seconds to not get banned
2021-07-17 17:12:55,862 Waiting 35 seconds to not get banned
2021-07-17 17:13:34,338 Waiting 35 seconds to not get banned
2021-07-17 17:14:11,573 Waiting 35 seconds to not get banned
2021-07-17 17:14:49,755 Waiting 35 seconds to not get banned
2021-07-17 17:15:26,835 Waiting 35 seconds to not get banned
2021-07-17 17:24:35,145 ('Connection aborted.', ConnectionResetError(104, 'Connection reset by peer'))
2021-07-17 17:24:35,147 Waiting 35 seconds to not get banned
2021-07-17 17:25:13,199 Waiting 35 seconds to not get banned
2021-07-17 17:25:51,325 Waiting 35 seconds to not get banned
2021-07-17 17:26:29,744 Waiting 35 seconds to not get banned
2021-07-17 17:27:07,867 Waiting 35 seconds to not get banned
2021-07-17 17:27:43,747 Waiting 35 seconds to not get banned
2021-07-17 17:28:22,860 Waiting 35 seconds to not get banned
2021-07-17 17:29:00,752 Waiting 35 seconds to not get banned
2021-07-17 17:29:40,335 Waiting 35 seconds to not get banned
2021-07-17 17:30:18,195 Waiting 35 seconds to not get banned
2021-07-17 17:30:55,126 Waiting 35 seconds to not get banned
2021-07-17 17:31:34,338 Waiting 35 seconds to not get banned
2021-07-17 17:32:17,582 Waiting 35 seconds to not get banned
2021-07-17 17:32:56,636 Waiting 35 seconds to not get banned
2021-07-17 17:33:36,390 Waiting 35 seconds to not get banned
2021-07-17 17:34:13,578 Waiting 35 seconds to not get banned
2021-07-17 17:34:52,255 Waiting 35 seconds to not get banned
2021-07-17 17:35:30,703 Waiting 35 seconds to not get banned
2021-07-17 17:36:10,878 Waiting 35 seconds to not get banned
2021-07-17 17:36:48,803 Waiting 35 seconds to not get banned
2021-07-17 17:37:27,667 Waiting 35 seconds to not get banned
2021-07-17 17:38:05,817 Waiting 35 seconds to not get banned
2021-07-17 17:38:45,800 Waiting 35 seconds to not get banned
2021-07-17 17:39:24,493 Waiting 35 seconds to not get banned
2021-07-17 17:40:02,876 Waiting 35 seconds to not get banned
2021-07-17 17:40:40,389 Waiting 35 seconds to not get banned
2021-07-17 17:41:17,957 Waiting 35 seconds to not get banned
2021-07-17 17:41:58,081 Waiting 35 seconds to not get banned
2021-07-17 17:42:35,369 Waiting 35 seconds to not get banned
2021-07-17 17:43:13,633 Waiting 35 seconds to not get banned
2021-07-17 17:43:55,054 Waiting 35 seconds to not get banned
2021-07-17 17:44:32,445 Waiting 35 seconds to not get banned
2021-07-17 17:45:11,779 Waiting 35 seconds to not get banned
2021-07-17 17:45:49,139 Waiting 35 seconds to not get banned
2021-07-17 17:46:28,234 Waiting 35 seconds to not get banned
2021-07-17 17:47:05,295 Waiting 35 seconds to not get banned
2021-07-17 17:47:43,522 Waiting 35 seconds to not get banned
2021-07-17 17:48:22,152 Waiting 35 seconds to not get banned
2021-07-17 17:48:59,559 Waiting 35 seconds to not get banned
2021-07-17 17:49:37,998 Waiting 35 seconds to not get banned
2021-07-17 17:50:16,258 Waiting 35 seconds to not get banned
2021-07-17 17:50:54,683 Waiting 35 seconds to not get banned
2021-07-17 17:51:33,319 Waiting 35 seconds to not get banned
2021-07-17 17:52:11,998 Waiting 35 seconds to not get banned
2021-07-17 17:52:51,202 Waiting 35 seconds to not get banned
2021-07-17 17:53:29,911 Waiting 35 seconds to not get banned
2021-07-17 17:54:07,547 Waiting 35 seconds to not get banned
2021-07-17 17:54:46,213 Waiting 35 seconds to not get banned
2021-07-17 17:55:25,003 Waiting 35 seconds to not get banned
2021-07-17 17:56:04,048 Waiting 35 seconds to not get banned
2021-07-17 17:56:42,811 Waiting 35 seconds to not get banned
2021-07-17 17:57:22,076 Waiting 35 seconds to not get banned
2021-07-17 17:58:00,161 Waiting 35 seconds to not get banned
2021-07-17 17:58:38,596 Waiting 35 seconds to not get banned
2021-07-17 17:59:16,252 Waiting 35 seconds to not get banned
2021-07-17 17:59:55,176 Waiting 35 seconds to not get banned
2021-07-17 18:00:33,500 Waiting 35 seconds to not get banned
2021-07-17 18:01:10,660 Waiting 35 seconds to not get banned
2021-07-17 18:01:47,630 Waiting 35 seconds to not get banned
2021-07-17 18:02:25,137 Waiting 35 seconds to not get banned
2021-07-17 18:03:02,215 Waiting 35 seconds to not get banned
2021-07-17 18:03:40,636 Waiting 35 seconds to not get banned
2021-07-17 18:04:16,537 Waiting 35 seconds to not get banned
2021-07-17 18:04:55,092 Waiting 35 seconds to not get banned
2021-07-17 18:05:31,528 Waiting 35 seconds to not get banned
2021-07-17 18:06:09,500 Waiting 35 seconds to not get banned
2021-07-17 18:06:46,380 Waiting 35 seconds to not get banned
2021-07-17 18:07:25,848 Waiting 35 seconds to not get banned
2021-07-17 18:08:02,188 Waiting 35 seconds to not get banned
2021-07-17 18:08:42,094 Waiting 35 seconds to not get banned
2021-07-17 18:09:19,474 Waiting 35 seconds to not get banned
2021-07-17 18:09:58,701 Waiting 35 seconds to not get banned
2021-07-17 18:10:37,326 Waiting 35 seconds to not get banned
2021-07-17 18:11:17,289 Waiting 35 seconds to not get banned
2021-07-17 18:11:55,983 Waiting 35 seconds to not get banned
2021-07-17 18:12:33,931 Waiting 35 seconds to not get banned
2021-07-17 18:13:11,758 Waiting 35 seconds to not get banned
2021-07-17 18:13:49,696 Waiting 35 seconds to not get banned
2021-07-17 18:14:27,210 Waiting 35 seconds to not get banned
2021-07-17 18:15:05,798 Waiting 35 seconds to not get banned
2021-07-17 18:15:45,697 Waiting 35 seconds to not get banned
2021-07-17 18:16:23,320 Waiting 35 seconds to not get banned
2021-07-17 18:17:01,167 Waiting 35 seconds to not get banned
2021-07-17 18:17:39,807 Waiting 35 seconds to not get banned
2021-07-17 18:18:19,674 Waiting 35 seconds to not get banned
2021-07-17 18:18:59,747 Waiting 35 seconds to not get banned
2021-07-17 18:19:37,195 Waiting 35 seconds to not get banned
2021-07-17 18:20:17,182 Waiting 35 seconds to not get banned
2021-07-17 18:20:53,968 Waiting 35 seconds to not get banned
2021-07-17 18:21:32,065 Waiting 35 seconds to not get banned
2021-07-17 18:22:09,758 Waiting 35 seconds to not get banned
2021-07-17 18:22:45,904 Waiting 35 seconds to not get banned
2021-07-17 18:23:23,010 Waiting 35 seconds to not get banned
2021-07-17 18:24:01,188 Waiting 35 seconds to not get banned
2021-07-17 18:24:39,594 Waiting 35 seconds to not get banned
2021-07-17 18:25:15,525 Waiting 35 seconds to not get banned
2021-07-17 18:25:54,305 Waiting 35 seconds to not get banned
2021-07-17 18:26:32,276 Waiting 35 seconds to not get banned
2021-07-17 18:27:07,686 Bot stopped. Worked: 2:42:47.576707
2021-07-17 18:27:07,686 Total follows: 171/1000
2021-07-17 18:27:07,687 Total requests: 464
2021-07-17 18:27:07,687 Bot stopped. Worked: 2:42:47.577817
2021-07-17 18:27:07,687 Total follows: 171/1000
2021-07-17 18:27:07,688 Total requests: 464
