2021-06-29 16:45:23,645 Instabot Started
2021-06-29 16:45:26,414 Logged-in successfully as 'tucodigofavorito'!
2021-06-29 16:45:35,394 Waiting 292 seconds to not get banned
2021-06-29 16:45:58,977 Bot stopped. Worked: 0:00:35.331909
2021-06-29 16:45:58,977 Total requests: 9
2021-07-11 17:14:35,247 Instabot Started
2021-07-11 17:14:35,811 Request returns 400 error!
2021-07-11 17:14:35,811 Instagram's error message: The username you entered doesn't appear to belong to an account. Please check your username and try again.
2021-07-11 17:14:35,812 Error type: invalid_user
2021-07-11 17:14:35,812 Username or password is incorrect.
2021-07-11 17:14:35,812 Not logged in!
2021-07-11 17:15:33,489 Instabot Started
2021-07-11 17:15:35,586 Logged-in successfully as 'tucodigofavorit0'!
2021-07-11 17:15:40,233 Waiting 292 seconds to not get banned
2021-07-11 17:15:51,010 Bot stopped. Worked: 0:00:17.522080
2021-07-11 17:15:51,011 Total requests: 9
2021-07-11 17:16:19,986 Instabot Started
2021-07-11 17:16:21,850 Logged-in successfully as 'tucodigofavorit0'!
2021-07-11 17:16:25,390 Waiting 32 seconds to not get banned
2021-07-11 17:16:59,963 Waiting 32 seconds to not get banned
2021-07-11 17:17:35,389 Waiting 32 seconds to not get banned
2021-07-11 17:18:10,452 Waiting 32 seconds to not get banned
2021-07-11 17:18:45,618 Waiting 32 seconds to not get banned
2021-07-11 17:19:21,903 Waiting 32 seconds to not get banned
2021-07-11 17:19:56,446 Waiting 32 seconds to not get banned
2021-07-11 17:20:31,339 Waiting 32 seconds to not get banned
2021-07-11 17:21:06,213 Waiting 32 seconds to not get banned
2021-07-11 17:21:41,907 Waiting 32 seconds to not get banned
2021-07-11 17:22:16,902 Waiting 32 seconds to not get banned
2021-07-11 17:22:50,383 Waiting 32 seconds to not get banned
2021-07-11 17:23:24,841 Waiting 32 seconds to not get banned
2021-07-11 17:24:00,048 Waiting 32 seconds to not get banned
2021-07-11 17:24:34,426 Waiting 32 seconds to not get banned
2021-07-11 17:25:07,979 Waiting 32 seconds to not get banned
2021-07-11 17:25:41,677 Waiting 32 seconds to not get banned
2021-07-11 17:26:15,917 Waiting 32 seconds to not get banned
2021-07-11 17:26:51,904 Waiting 32 seconds to not get banned
2021-07-11 17:27:28,030 Waiting 32 seconds to not get banned
2021-07-11 17:28:04,148 Waiting 32 seconds to not get banned
2021-07-11 17:28:41,317 Waiting 32 seconds to not get banned
2021-07-11 17:29:16,585 Waiting 32 seconds to not get banned
2021-07-11 17:29:52,538 Waiting 32 seconds to not get banned
2021-07-11 17:30:27,846 Waiting 32 seconds to not get banned
2021-07-11 17:31:02,832 Waiting 32 seconds to not get banned
2021-07-11 17:31:37,378 Waiting 32 seconds to not get banned
2021-07-11 17:32:15,470 Waiting 32 seconds to not get banned
2021-07-11 17:32:51,238 Waiting 32 seconds to not get banned
2021-07-11 17:33:26,825 Waiting 32 seconds to not get banned
2021-07-11 17:34:02,786 Waiting 32 seconds to not get banned
2021-07-11 17:34:38,057 Waiting 32 seconds to not get banned
2021-07-11 17:35:13,141 Waiting 32 seconds to not get banned
2021-07-11 17:35:48,242 Waiting 32 seconds to not get banned
2021-07-11 17:36:22,932 Waiting 32 seconds to not get banned
2021-07-11 17:36:57,346 Waiting 32 seconds to not get banned
2021-07-11 17:37:31,864 Waiting 32 seconds to not get banned
2021-07-11 17:38:05,976 Waiting 32 seconds to not get banned
2021-07-11 17:38:41,009 Waiting 32 seconds to not get banned
2021-07-11 17:39:16,836 Waiting 32 seconds to not get banned
2021-07-11 17:39:51,727 Waiting 32 seconds to not get banned
2021-07-11 17:40:26,740 Waiting 32 seconds to not get banned
2021-07-11 17:41:00,419 Waiting 32 seconds to not get banned
2021-07-11 17:41:34,288 Waiting 32 seconds to not get banned
2021-07-11 17:42:07,791 Waiting 32 seconds to not get banned
2021-07-11 17:42:42,199 Waiting 32 seconds to not get banned
2021-07-11 17:43:14,975 Error checking for `feedback_required`, response text is not JSON
2021-07-11 17:43:15,842 Waiting 32 seconds to not get banned
2021-07-11 17:43:52,132 Waiting 32 seconds to not get banned
2021-07-11 17:44:27,072 Waiting 32 seconds to not get banned
2021-07-11 17:45:02,395 Waiting 32 seconds to not get banned
2021-07-11 17:45:34,765 Bot stopped. Worked: 0:30:01.276170
2021-07-11 17:45:34,765 Total follows: 24/1000
2021-07-11 17:45:34,765 Total requests: 88
2021-07-11 17:45:34,766 Bot stopped. Worked: 0:30:01.277150
2021-07-11 17:45:34,766 Total follows: 24/1000
2021-07-11 17:45:34,766 Total requests: 88
2021-07-15 22:55:05,521 Instabot Started
2021-07-15 22:55:07,644 Logged-in successfully as 'tucodigofavorit0'!
2021-07-15 22:55:17,662 Waiting 32 seconds to not get banned
2021-07-15 22:55:54,224 Waiting 32 seconds to not get banned
2021-07-15 22:56:30,638 Waiting 32 seconds to not get banned
2021-07-15 22:57:06,367 Waiting 32 seconds to not get banned
2021-07-15 22:57:41,535 Waiting 32 seconds to not get banned
2021-07-15 22:58:16,027 Waiting 32 seconds to not get banned
2021-07-15 22:58:52,680 Waiting 32 seconds to not get banned
2021-07-15 22:59:26,420 Waiting 32 seconds to not get banned
2021-07-15 23:00:00,475 Waiting 32 seconds to not get banned
2021-07-15 23:00:35,709 Waiting 32 seconds to not get banned
2021-07-15 23:01:12,110 Waiting 32 seconds to not get banned
2021-07-15 23:01:47,915 Waiting 32 seconds to not get banned
2021-07-15 23:02:25,210 Waiting 32 seconds to not get banned
2021-07-15 23:02:59,008 Waiting 32 seconds to not get banned
2021-07-15 23:03:34,802 Waiting 32 seconds to not get banned
2021-07-15 23:04:12,062 Waiting 32 seconds to not get banned
2021-07-15 23:04:48,438 Waiting 32 seconds to not get banned
2021-07-15 23:05:22,597 Waiting 32 seconds to not get banned
2021-07-15 23:05:58,415 Waiting 32 seconds to not get banned
2021-07-15 23:06:34,525 Waiting 32 seconds to not get banned
2021-07-15 23:07:07,718 Waiting 32 seconds to not get banned
2021-07-15 23:07:42,874 Waiting 32 seconds to not get banned
2021-07-15 23:08:17,224 Waiting 32 seconds to not get banned
2021-07-15 23:08:54,603 Waiting 32 seconds to not get banned
2021-07-15 23:09:29,794 Waiting 32 seconds to not get banned
2021-07-15 23:10:05,721 Waiting 32 seconds to not get banned
2021-07-15 23:10:41,188 Waiting 32 seconds to not get banned
2021-07-15 23:11:16,761 Waiting 32 seconds to not get banned
2021-07-15 23:11:50,715 Waiting 32 seconds to not get banned
2021-07-15 23:12:27,096 Waiting 32 seconds to not get banned
2021-07-15 23:13:04,849 Waiting 32 seconds to not get banned
2021-07-15 23:13:41,047 Waiting 32 seconds to not get banned
2021-07-15 23:14:14,939 Waiting 32 seconds to not get banned
2021-07-15 23:14:48,635 Waiting 32 seconds to not get banned
2021-07-15 23:15:23,609 Waiting 32 seconds to not get banned
2021-07-15 23:15:58,830 Waiting 32 seconds to not get banned
2021-07-15 23:16:34,293 Waiting 32 seconds to not get banned
2021-07-15 23:17:10,157 Waiting 32 seconds to not get banned
2021-07-15 23:17:44,553 Waiting 32 seconds to not get banned
2021-07-15 23:18:20,956 Waiting 32 seconds to not get banned
2021-07-15 23:18:54,800 Waiting 32 seconds to not get banned
2021-07-15 23:19:28,673 Waiting 32 seconds to not get banned
2021-07-15 23:20:04,394 Waiting 32 seconds to not get banned
2021-07-15 23:20:39,236 Waiting 32 seconds to not get banned
2021-07-15 23:21:13,002 Waiting 32 seconds to not get banned
2021-07-15 23:21:48,954 Waiting 32 seconds to not get banned
2021-07-15 23:22:23,524 Waiting 32 seconds to not get banned
2021-07-15 23:22:59,707 Waiting 32 seconds to not get banned
2021-07-15 23:23:34,548 Waiting 32 seconds to not get banned
2021-07-15 23:24:09,668 Waiting 32 seconds to not get banned
2021-07-15 23:24:41,980 Bot stopped. Worked: 0:29:24.971562
2021-07-15 23:24:41,980 Total follows: 32/1000
2021-07-15 23:24:41,980 Total requests: 176
2021-07-15 23:24:41,981 Bot stopped. Worked: 0:29:24.972742
2021-07-15 23:24:41,981 Total follows: 32/1000
2021-07-15 23:24:41,981 Total requests: 176
2021-07-15 23:45:04,753 Instabot Started
2021-07-15 23:45:06,585 Logged-in successfully as 'tucodigofavorit0'!
2021-07-15 23:45:12,930 Waiting 32 seconds to not get banned
2021-07-15 23:45:47,159 Waiting 32 seconds to not get banned
2021-07-15 23:46:23,215 Waiting 32 seconds to not get banned
2021-07-15 23:46:58,655 Waiting 32 seconds to not get banned
2021-07-15 23:47:33,657 Waiting 32 seconds to not get banned
2021-07-15 23:48:07,403 Waiting 32 seconds to not get banned
2021-07-15 23:48:41,286 Waiting 32 seconds to not get banned
2021-07-15 23:49:17,503 Waiting 32 seconds to not get banned
2021-07-15 23:49:52,269 Waiting 32 seconds to not get banned
2021-07-15 23:50:26,983 Waiting 32 seconds to not get banned
2021-07-15 23:51:02,267 Waiting 32 seconds to not get banned
2021-07-15 23:51:37,407 Waiting 32 seconds to not get banned
2021-07-15 23:52:13,078 Waiting 32 seconds to not get banned
2021-07-15 23:52:46,368 Waiting 32 seconds to not get banned
2021-07-15 23:53:20,926 Waiting 32 seconds to not get banned
2021-07-15 23:53:55,842 Waiting 32 seconds to not get banned
2021-07-15 23:54:29,989 Waiting 32 seconds to not get banned
2021-07-15 23:55:03,375 Waiting 32 seconds to not get banned
2021-07-15 23:55:36,632 Waiting 32 seconds to not get banned
2021-07-15 23:56:10,721 Waiting 32 seconds to not get banned
2021-07-15 23:56:46,256 Waiting 32 seconds to not get banned
2021-07-15 23:57:20,375 Waiting 32 seconds to not get banned
2021-07-15 23:57:54,122 Waiting 32 seconds to not get banned
2021-07-15 23:58:30,505 Waiting 32 seconds to not get banned
2021-07-15 23:59:05,559 Waiting 32 seconds to not get banned
2021-07-15 23:59:41,315 Waiting 32 seconds to not get banned
2021-07-16 00:00:16,631 Waiting 32 seconds to not get banned
2021-07-16 00:00:50,291 Waiting 32 seconds to not get banned
2021-07-16 00:01:23,504 Waiting 32 seconds to not get banned
2021-07-16 00:01:58,628 Waiting 32 seconds to not get banned
2021-07-16 00:02:34,027 Waiting 32 seconds to not get banned
2021-07-16 00:03:08,459 Waiting 32 seconds to not get banned
2021-07-16 00:03:42,017 Waiting 32 seconds to not get banned
2021-07-16 00:04:16,739 Waiting 32 seconds to not get banned
2021-07-16 00:04:52,612 Waiting 32 seconds to not get banned
2021-07-16 00:05:26,463 Waiting 32 seconds to not get banned
2021-07-16 00:06:01,108 Waiting 32 seconds to not get banned
2021-07-16 00:06:36,582 Waiting 32 seconds to not get banned
2021-07-16 00:07:12,719 Waiting 32 seconds to not get banned
2021-07-16 00:07:46,863 Waiting 32 seconds to not get banned
2021-07-16 00:08:21,233 Waiting 32 seconds to not get banned
2021-07-16 00:08:56,623 Waiting 32 seconds to not get banned
2021-07-16 00:09:32,684 Waiting 32 seconds to not get banned
2021-07-16 00:10:06,235 Waiting 32 seconds to not get banned
2021-07-16 00:10:39,694 Waiting 32 seconds to not get banned
2021-07-16 00:11:15,407 Waiting 32 seconds to not get banned
2021-07-16 00:11:49,915 Waiting 32 seconds to not get banned
2021-07-16 00:12:25,683 Waiting 32 seconds to not get banned
2021-07-16 00:13:01,883 Waiting 32 seconds to not get banned
2021-07-16 00:13:36,840 Waiting 32 seconds to not get banned
2021-07-16 00:14:09,661 Bot stopped. Worked: 0:09:17.555173
2021-07-16 00:14:09,661 Total follows: 5/1000
2021-07-16 00:14:09,662 Total requests: 246
2021-07-16 00:14:09,662 Bot stopped. Worked: 0:09:17.556054
2021-07-16 00:14:09,662 Total follows: 5/1000
2021-07-16 00:14:09,662 Total requests: 246
